<?xml version="1.0" encoding="UTF-8"?>
<coverage generated="1517463011742" clover="3.2.0">
  <project timestamp="1517463011742" name="All files">
    <metrics statements="105" coveredstatements="89" conditionals="69" coveredconditionals="51" methods="16" coveredmethods="5" elements="190" coveredelements="145" complexity="0" loc="105" ncloc="105" packages="4" files="8" classes="8">
      <package name="src">
        <metrics statements="18" coveredstatements="18" conditionals="2" coveredconditionals="2" methods="0" coveredmethods="0"/>
        <file name="app.ts" path="C:\workspace\projects\delightreading\delightreading-backend\src\app.ts">
          <metrics statements="18" coveredstatements="18" conditionals="2" coveredconditionals="2" methods="0" coveredmethods="0"/>
          <line num="2" count="2" type="stmt"/>
          <line num="3" count="2" type="stmt"/>
          <line num="4" count="2" type="stmt"/>
          <line num="5" count="2" type="stmt"/>
          <line num="6" count="2" type="stmt"/>
          <line num="7" count="2" type="stmt"/>
          <line num="8" count="2" type="stmt"/>
          <line num="10" count="2" type="stmt"/>
          <line num="14" count="2" type="stmt"/>
          <line num="16" count="2" type="cond" truecount="2" falsecount="0"/>
          <line num="17" count="2" type="stmt"/>
          <line num="18" count="2" type="stmt"/>
          <line num="19" count="2" type="stmt"/>
          <line num="20" count="2" type="stmt"/>
          <line num="21" count="2" type="stmt"/>
          <line num="32" count="2" type="stmt"/>
          <line num="33" count="2" type="stmt"/>
          <line num="34" count="2" type="stmt"/>
        </file>
      </package>
      <package name="src.controllers">
        <metrics statements="24" coveredstatements="8" conditionals="9" coveredconditionals="3" methods="11" coveredmethods="0"/>
        <file name="manage.ts" path="C:\workspace\projects\delightreading\delightreading-backend\src\controllers\manage.ts">
          <metrics statements="3" coveredstatements="2" conditionals="0" coveredconditionals="0" methods="1" coveredmethods="0"/>
          <line num="2" count="2" type="stmt"/>
          <line num="7" count="2" type="stmt"/>
          <line num="8" count="0" type="stmt"/>
        </file>
        <file name="useraccount.ts" path="C:\workspace\projects\delightreading\delightreading-backend\src\controllers\useraccount.ts">
          <metrics statements="21" coveredstatements="6" conditionals="9" coveredconditionals="3" methods="10" coveredmethods="0"/>
          <line num="2" count="2" type="cond" truecount="3" falsecount="0"/>
          <line num="3" count="0" type="cond" truecount="0" falsecount="2"/>
          <line num="4" count="0" type="stmt"/>
          <line num="5" count="0" type="stmt"/>
          <line num="6" count="0" type="cond" truecount="0" falsecount="2"/>
          <line num="7" count="0" type="cond" truecount="0" falsecount="2"/>
          <line num="10" count="2" type="stmt"/>
          <line num="11" count="2" type="stmt"/>
          <line num="12" count="2" type="stmt"/>
          <line num="17" count="2" type="stmt"/>
          <line num="18" count="0" type="stmt"/>
          <line num="19" count="0" type="stmt"/>
          <line num="20" count="0" type="stmt"/>
          <line num="21" count="0" type="stmt"/>
          <line num="22" count="0" type="stmt"/>
          <line num="24" count="2" type="stmt"/>
          <line num="25" count="0" type="stmt"/>
          <line num="26" count="0" type="stmt"/>
          <line num="27" count="0" type="stmt"/>
          <line num="28" count="0" type="stmt"/>
          <line num="29" count="0" type="stmt"/>
        </file>
      </package>
      <package name="src.entity">
        <metrics statements="43" coveredstatements="43" conditionals="58" coveredconditionals="46" methods="4" coveredmethods="4"/>
        <file name="EntityBase.ts" path="C:\workspace\projects\delightreading\delightreading-backend\src\entity\EntityBase.ts">
          <metrics statements="17" coveredstatements="17" conditionals="29" coveredconditionals="22" methods="2" coveredmethods="2"/>
          <line num="2" count="2" type="cond" truecount="3" falsecount="0"/>
          <line num="3" count="14" type="cond" truecount="2" falsecount="2"/>
          <line num="4" count="14" type="cond" truecount="3" falsecount="1"/>
          <line num="5" count="30" type="cond" truecount="6" falsecount="2"/>
          <line num="6" count="14" type="cond" truecount="2" falsecount="1"/>
          <line num="8" count="2" type="cond" truecount="3" falsecount="0"/>
          <line num="9" count="14" type="cond" truecount="3" falsecount="1"/>
          <line num="11" count="2" type="stmt"/>
          <line num="12" count="2" type="stmt"/>
          <line num="16" count="2" type="stmt"/>
          <line num="20" count="2" type="stmt"/>
          <line num="28" count="2" type="stmt"/>
          <line num="35" count="2" type="stmt"/>
          <line num="41" count="2" type="stmt"/>
          <line num="47" count="2" type="stmt"/>
          <line num="53" count="2" type="stmt"/>
          <line num="59" count="2" type="stmt"/>
        </file>
        <file name="UserAccount.ts" path="C:\workspace\projects\delightreading\delightreading-backend\src\entity\UserAccount.ts">
          <metrics statements="26" coveredstatements="26" conditionals="29" coveredconditionals="24" methods="2" coveredmethods="2"/>
          <line num="2" count="2" type="cond" truecount="3" falsecount="0"/>
          <line num="3" count="28" type="cond" truecount="3" falsecount="1"/>
          <line num="4" count="28" type="cond" truecount="3" falsecount="1"/>
          <line num="5" count="54" type="cond" truecount="7" falsecount="1"/>
          <line num="6" count="28" type="cond" truecount="2" falsecount="1"/>
          <line num="8" count="2" type="cond" truecount="3" falsecount="0"/>
          <line num="9" count="26" type="cond" truecount="3" falsecount="1"/>
          <line num="11" count="2" type="stmt"/>
          <line num="12" count="2" type="stmt"/>
          <line num="13" count="2" type="stmt"/>
          <line num="14" count="2" type="stmt"/>
          <line num="16" count="2" type="stmt"/>
          <line num="23" count="2" type="stmt"/>
          <line num="30" count="2" type="stmt"/>
          <line num="37" count="2" type="stmt"/>
          <line num="44" count="2" type="stmt"/>
          <line num="51" count="2" type="stmt"/>
          <line num="57" count="2" type="stmt"/>
          <line num="64" count="2" type="stmt"/>
          <line num="71" count="2" type="stmt"/>
          <line num="78" count="2" type="stmt"/>
          <line num="84" count="2" type="stmt"/>
          <line num="90" count="2" type="stmt"/>
          <line num="97" count="2" type="stmt"/>
          <line num="103" count="2" type="stmt"/>
          <line num="106" count="2" type="stmt"/>
        </file>
      </package>
      <package name="src.routes">
        <metrics statements="20" coveredstatements="20" conditionals="0" coveredconditionals="0" methods="1" coveredmethods="1"/>
        <file name="index.ts" path="C:\workspace\projects\delightreading\delightreading-backend\src\routes\index.ts">
          <metrics statements="9" coveredstatements="9" conditionals="0" coveredconditionals="0" methods="1" coveredmethods="1"/>
          <line num="2" count="2" type="stmt"/>
          <line num="3" count="2" type="stmt"/>
          <line num="4" count="2" type="stmt"/>
          <line num="5" count="2" type="stmt"/>
          <line num="6" count="2" type="stmt"/>
          <line num="7" count="2" type="stmt"/>
          <line num="8" count="2" type="stmt"/>
          <line num="10" count="2" type="stmt"/>
          <line num="12" count="2" type="stmt"/>
        </file>
        <file name="manage.ts" path="C:\workspace\projects\delightreading\delightreading-backend\src\routes\manage.ts">
          <metrics statements="5" coveredstatements="5" conditionals="0" coveredconditionals="0" methods="0" coveredmethods="0"/>
          <line num="2" count="2" type="stmt"/>
          <line num="3" count="2" type="stmt"/>
          <line num="4" count="2" type="stmt"/>
          <line num="5" count="2" type="stmt"/>
          <line num="6" count="2" type="stmt"/>
        </file>
        <file name="users.ts" path="C:\workspace\projects\delightreading\delightreading-backend\src\routes\users.ts">
          <metrics statements="6" coveredstatements="6" conditionals="0" coveredconditionals="0" methods="0" coveredmethods="0"/>
          <line num="2" count="2" type="stmt"/>
          <line num="3" count="2" type="stmt"/>
          <line num="4" count="2" type="stmt"/>
          <line num="5" count="2" type="stmt"/>
          <line num="6" count="2" type="stmt"/>
          <line num="7" count="2" type="stmt"/>
        </file>
      </package>
    </metrics>
  </project>
</coverage>
