<?xml version="1.0" encoding="UTF-8"?>
<coverage generated="1517723887577" clover="3.2.0">
  <project timestamp="1517723887577" name="All files">
    <metrics statements="208" coveredstatements="188" conditionals="138" coveredconditionals="113" methods="59" coveredmethods="44" elements="405" coveredelements="345" complexity="0" loc="208" ncloc="208" packages="6" files="14" classes="14">
      <package name="src">
        <metrics statements="18" coveredstatements="18" conditionals="2" coveredconditionals="2" methods="0" coveredmethods="0"/>
        <file name="app.ts" path="C:\workspace\projects\delightreading\delightreading-backend\src\app.ts">
          <metrics statements="18" coveredstatements="18" conditionals="2" coveredconditionals="2" methods="0" coveredmethods="0"/>
          <line num="2" count="2" type="stmt"/>
          <line num="3" count="2" type="stmt"/>
          <line num="4" count="2" type="stmt"/>
          <line num="5" count="2" type="stmt"/>
          <line num="6" count="2" type="stmt"/>
          <line num="7" count="2" type="stmt"/>
          <line num="8" count="2" type="stmt"/>
          <line num="10" count="2" type="stmt"/>
          <line num="14" count="2" type="stmt"/>
          <line num="16" count="2" type="cond" truecount="2" falsecount="0"/>
          <line num="17" count="2" type="stmt"/>
          <line num="18" count="2" type="stmt"/>
          <line num="19" count="2" type="stmt"/>
          <line num="20" count="2" type="stmt"/>
          <line num="21" count="2" type="stmt"/>
          <line num="32" count="2" type="stmt"/>
          <line num="33" count="2" type="stmt"/>
          <line num="34" count="2" type="stmt"/>
        </file>
      </package>
      <package name="src.controller">
        <metrics statements="40" coveredstatements="23" conditionals="18" coveredconditionals="12" methods="21" coveredmethods="9"/>
        <file name="activityLog.ts" path="C:\workspace\projects\delightreading\delightreading-backend\src\controller\activityLog.ts">
          <metrics statements="21" coveredstatements="6" conditionals="9" coveredconditionals="3" methods="10" coveredmethods="0"/>
          <line num="2" count="2" type="cond" truecount="3" falsecount="0"/>
          <line num="3" count="0" type="cond" truecount="0" falsecount="2"/>
          <line num="4" count="0" type="stmt"/>
          <line num="5" count="0" type="stmt"/>
          <line num="6" count="0" type="cond" truecount="0" falsecount="2"/>
          <line num="7" count="0" type="cond" truecount="0" falsecount="2"/>
          <line num="10" count="2" type="stmt"/>
          <line num="11" count="2" type="stmt"/>
          <line num="12" count="2" type="stmt"/>
          <line num="17" count="2" type="stmt"/>
          <line num="18" count="0" type="stmt"/>
          <line num="19" count="0" type="stmt"/>
          <line num="20" count="0" type="stmt"/>
          <line num="21" count="0" type="stmt"/>
          <line num="22" count="0" type="stmt"/>
          <line num="24" count="2" type="stmt"/>
          <line num="25" count="0" type="stmt"/>
          <line num="26" count="0" type="stmt"/>
          <line num="27" count="0" type="stmt"/>
          <line num="28" count="0" type="stmt"/>
          <line num="29" count="0" type="stmt"/>
        </file>
        <file name="manage.ts" path="C:\workspace\projects\delightreading\delightreading-backend\src\controller\manage.ts">
          <metrics statements="3" coveredstatements="2" conditionals="0" coveredconditionals="0" methods="1" coveredmethods="0"/>
          <line num="2" count="2" type="stmt"/>
          <line num="7" count="2" type="stmt"/>
          <line num="8" count="0" type="stmt"/>
        </file>
        <file name="useraccount.ts" path="C:\workspace\projects\delightreading\delightreading-backend\src\controller\useraccount.ts">
          <metrics statements="16" coveredstatements="15" conditionals="9" coveredconditionals="9" methods="10" coveredmethods="9"/>
          <line num="2" count="2" type="cond" truecount="3" falsecount="0"/>
          <line num="3" count="2" type="cond" truecount="2" falsecount="0"/>
          <line num="4" count="2" type="stmt"/>
          <line num="5" count="0" type="stmt"/>
          <line num="6" count="4" type="cond" truecount="2" falsecount="0"/>
          <line num="7" count="2" type="cond" truecount="2" falsecount="0"/>
          <line num="10" count="2" type="stmt"/>
          <line num="11" count="2" type="stmt"/>
          <line num="12" count="2" type="stmt"/>
          <line num="17" count="2" type="stmt"/>
          <line num="19" count="1" type="stmt"/>
          <line num="20" count="1" type="stmt"/>
          <line num="22" count="1" type="stmt"/>
          <line num="24" count="2" type="stmt"/>
          <line num="26" count="1" type="stmt"/>
          <line num="28" count="1" type="stmt"/>
        </file>
      </package>
      <package name="src.entity">
        <metrics statements="64" coveredstatements="64" conditionals="87" coveredconditionals="70" methods="6" coveredmethods="6"/>
        <file name="EntityBase.ts" path="C:\workspace\projects\delightreading\delightreading-backend\src\entity\EntityBase.ts">
          <metrics statements="17" coveredstatements="17" conditionals="29" coveredconditionals="22" methods="2" coveredmethods="2"/>
          <line num="2" count="3" type="cond" truecount="3" falsecount="0"/>
          <line num="3" count="21" type="cond" truecount="2" falsecount="2"/>
          <line num="4" count="21" type="cond" truecount="3" falsecount="1"/>
          <line num="5" count="42" type="cond" truecount="6" falsecount="2"/>
          <line num="6" count="21" type="cond" truecount="2" falsecount="1"/>
          <line num="8" count="3" type="cond" truecount="3" falsecount="0"/>
          <line num="9" count="21" type="cond" truecount="3" falsecount="1"/>
          <line num="11" count="3" type="stmt"/>
          <line num="12" count="3" type="stmt"/>
          <line num="16" count="3" type="stmt"/>
          <line num="20" count="3" type="stmt"/>
          <line num="27" count="3" type="stmt"/>
          <line num="35" count="3" type="stmt"/>
          <line num="43" count="3" type="stmt"/>
          <line num="50" count="3" type="stmt"/>
          <line num="57" count="3" type="stmt"/>
          <line num="64" count="3" type="stmt"/>
        </file>
        <file name="UserAccount.ts" path="C:\workspace\projects\delightreading\delightreading-backend\src\entity\UserAccount.ts">
          <metrics statements="26" coveredstatements="26" conditionals="29" coveredconditionals="24" methods="2" coveredmethods="2"/>
          <line num="2" count="2" type="cond" truecount="3" falsecount="0"/>
          <line num="3" count="28" type="cond" truecount="3" falsecount="1"/>
          <line num="4" count="28" type="cond" truecount="3" falsecount="1"/>
          <line num="5" count="54" type="cond" truecount="7" falsecount="1"/>
          <line num="6" count="28" type="cond" truecount="2" falsecount="1"/>
          <line num="8" count="2" type="cond" truecount="3" falsecount="0"/>
          <line num="9" count="26" type="cond" truecount="3" falsecount="1"/>
          <line num="11" count="2" type="stmt"/>
          <line num="12" count="2" type="stmt"/>
          <line num="13" count="2" type="stmt"/>
          <line num="14" count="2" type="stmt"/>
          <line num="16" count="2" type="stmt"/>
          <line num="23" count="2" type="stmt"/>
          <line num="30" count="2" type="stmt"/>
          <line num="37" count="2" type="stmt"/>
          <line num="45" count="2" type="stmt"/>
          <line num="53" count="2" type="stmt"/>
          <line num="60" count="2" type="stmt"/>
          <line num="68" count="2" type="stmt"/>
          <line num="76" count="2" type="stmt"/>
          <line num="84" count="2" type="stmt"/>
          <line num="91" count="2" type="stmt"/>
          <line num="98" count="2" type="stmt"/>
          <line num="106" count="2" type="stmt"/>
          <line num="113" count="2" type="stmt"/>
          <line num="116" count="2" type="stmt"/>
        </file>
        <file name="activitylog.ts" path="C:\workspace\projects\delightreading\delightreading-backend\src\entity\activitylog.ts">
          <metrics statements="21" coveredstatements="21" conditionals="29" coveredconditionals="24" methods="2" coveredmethods="2"/>
          <line num="2" count="3" type="cond" truecount="3" falsecount="0"/>
          <line num="3" count="27" type="cond" truecount="3" falsecount="1"/>
          <line num="4" count="27" type="cond" truecount="3" falsecount="1"/>
          <line num="5" count="51" type="cond" truecount="7" falsecount="1"/>
          <line num="6" count="27" type="cond" truecount="2" falsecount="1"/>
          <line num="8" count="3" type="cond" truecount="3" falsecount="0"/>
          <line num="9" count="24" type="cond" truecount="3" falsecount="1"/>
          <line num="11" count="3" type="stmt"/>
          <line num="12" count="3" type="stmt"/>
          <line num="13" count="3" type="stmt"/>
          <line num="14" count="3" type="stmt"/>
          <line num="16" count="3" type="stmt"/>
          <line num="22" count="3" type="stmt"/>
          <line num="29" count="3" type="stmt"/>
          <line num="35" count="3" type="stmt"/>
          <line num="43" count="3" type="stmt"/>
          <line num="50" count="3" type="stmt"/>
          <line num="58" count="3" type="stmt"/>
          <line num="65" count="3" type="stmt"/>
          <line num="72" count="3" type="stmt"/>
          <line num="75" count="3" type="stmt"/>
        </file>
      </package>
      <package name="src.routes">
        <metrics statements="28" coveredstatements="28" conditionals="0" coveredconditionals="0" methods="1" coveredmethods="1"/>
        <file name="activitylog.ts" path="C:\workspace\projects\delightreading\delightreading-backend\src\routes\activitylog.ts">
          <metrics statements="6" coveredstatements="6" conditionals="0" coveredconditionals="0" methods="0" coveredmethods="0"/>
          <line num="2" count="2" type="stmt"/>
          <line num="3" count="2" type="stmt"/>
          <line num="4" count="2" type="stmt"/>
          <line num="5" count="2" type="stmt"/>
          <line num="6" count="2" type="stmt"/>
          <line num="7" count="2" type="stmt"/>
        </file>
        <file name="index.ts" path="C:\workspace\projects\delightreading\delightreading-backend\src\routes\index.ts">
          <metrics statements="11" coveredstatements="11" conditionals="0" coveredconditionals="0" methods="1" coveredmethods="1"/>
          <line num="2" count="2" type="stmt"/>
          <line num="3" count="2" type="stmt"/>
          <line num="4" count="2" type="stmt"/>
          <line num="5" count="2" type="stmt"/>
          <line num="6" count="2" type="stmt"/>
          <line num="7" count="2" type="stmt"/>
          <line num="8" count="2" type="stmt"/>
          <line num="9" count="2" type="stmt"/>
          <line num="10" count="2" type="stmt"/>
          <line num="12" count="2" type="stmt"/>
          <line num="14" count="2" type="stmt"/>
        </file>
        <file name="manage.ts" path="C:\workspace\projects\delightreading\delightreading-backend\src\routes\manage.ts">
          <metrics statements="5" coveredstatements="5" conditionals="0" coveredconditionals="0" methods="0" coveredmethods="0"/>
          <line num="2" count="2" type="stmt"/>
          <line num="3" count="2" type="stmt"/>
          <line num="4" count="2" type="stmt"/>
          <line num="5" count="2" type="stmt"/>
          <line num="6" count="2" type="stmt"/>
        </file>
        <file name="users.ts" path="C:\workspace\projects\delightreading\delightreading-backend\src\routes\users.ts">
          <metrics statements="6" coveredstatements="6" conditionals="0" coveredconditionals="0" methods="0" coveredmethods="0"/>
          <line num="2" count="2" type="stmt"/>
          <line num="3" count="2" type="stmt"/>
          <line num="4" count="2" type="stmt"/>
          <line num="5" count="2" type="stmt"/>
          <line num="6" count="2" type="stmt"/>
          <line num="7" count="2" type="stmt"/>
        </file>
      </package>
      <package name="src.service">
        <metrics statements="47" coveredstatements="45" conditionals="22" coveredconditionals="20" methods="23" coveredmethods="21"/>
        <file name="ActivityLogService.ts" path="C:\workspace\projects\delightreading\delightreading-backend\src\service\ActivityLogService.ts">
          <metrics statements="23" coveredstatements="22" conditionals="11" coveredconditionals="10" methods="11" coveredmethods="10"/>
          <line num="2" count="1" type="cond" truecount="3" falsecount="0"/>
          <line num="3" count="6" type="cond" truecount="2" falsecount="0"/>
          <line num="4" count="6" type="stmt"/>
          <line num="5" count="0" type="stmt"/>
          <line num="6" count="12" type="cond" truecount="2" falsecount="0"/>
          <line num="7" count="6" type="cond" truecount="2" falsecount="0"/>
          <line num="10" count="1" type="stmt"/>
          <line num="11" count="1" type="stmt"/>
          <line num="12" count="1" type="stmt"/>
          <line num="13" count="1" type="stmt"/>
          <line num="16" count="5" type="stmt"/>
          <line num="23" count="5" type="stmt"/>
          <line num="26" count="5" type="stmt"/>
          <line num="28" count="5" type="stmt"/>
          <line num="29" count="5" type="cond" truecount="1" falsecount="1"/>
          <line num="30" count="5" type="stmt"/>
          <line num="32" count="5" type="stmt"/>
          <line num="34" count="5" type="stmt"/>
          <line num="38" count="1" type="stmt"/>
          <line num="40" count="1" type="stmt"/>
          <line num="41" count="1" type="stmt"/>
          <line num="42" count="1" type="stmt"/>
          <line num="46" count="1" type="stmt"/>
        </file>
        <file name="UserService.ts" path="C:\workspace\projects\delightreading\delightreading-backend\src\service\UserService.ts">
          <metrics statements="24" coveredstatements="23" conditionals="11" coveredconditionals="10" methods="12" coveredmethods="11"/>
          <line num="2" count="2" type="cond" truecount="3" falsecount="0"/>
          <line num="3" count="2" type="cond" truecount="2" falsecount="0"/>
          <line num="4" count="2" type="stmt"/>
          <line num="5" count="0" type="stmt"/>
          <line num="6" count="4" type="cond" truecount="2" falsecount="0"/>
          <line num="7" count="2" type="cond" truecount="2" falsecount="0"/>
          <line num="10" count="2" type="stmt"/>
          <line num="11" count="2" type="stmt"/>
          <line num="12" count="2" type="stmt"/>
          <line num="13" count="2" type="stmt"/>
          <line num="16" count="1" type="stmt"/>
          <line num="23" count="1" type="stmt"/>
          <line num="26" count="1" type="stmt"/>
          <line num="29" count="1" type="stmt"/>
          <line num="31" count="1" type="stmt"/>
          <line num="32" count="1" type="cond" truecount="1" falsecount="1"/>
          <line num="33" count="1" type="stmt"/>
          <line num="35" count="1" type="stmt"/>
          <line num="37" count="1" type="stmt"/>
          <line num="41" count="1" type="stmt"/>
          <line num="43" count="1" type="stmt"/>
          <line num="45" count="1" type="stmt"/>
          <line num="46" count="1" type="stmt"/>
          <line num="50" count="2" type="stmt"/>
        </file>
      </package>
      <package name="test">
        <metrics statements="11" coveredstatements="10" conditionals="9" coveredconditionals="9" methods="8" coveredmethods="7"/>
        <file name="ormconnect.ts" path="C:\workspace\projects\delightreading\delightreading-backend\test\ormconnect.ts">
          <metrics statements="11" coveredstatements="10" conditionals="9" coveredconditionals="9" methods="8" coveredmethods="7"/>
          <line num="2" count="2" type="cond" truecount="3" falsecount="0"/>
          <line num="3" count="4" type="cond" truecount="2" falsecount="0"/>
          <line num="4" count="4" type="stmt"/>
          <line num="5" count="0" type="stmt"/>
          <line num="6" count="8" type="cond" truecount="2" falsecount="0"/>
          <line num="7" count="4" type="cond" truecount="2" falsecount="0"/>
          <line num="10" count="2" type="stmt"/>
          <line num="11" count="2" type="stmt"/>
          <line num="13" count="4" type="stmt"/>
          <line num="14" count="4" type="stmt"/>
          <line num="28" count="2" type="stmt"/>
        </file>
      </package>
    </metrics>
  </project>
</coverage>
