{"C:\\workspace\\projects\\delightreading\\delightreading-backend\\src\\app.ts": {"path":"C:\\workspace\\projects\\delightreading\\delightreading-backend\\src\\app.ts","statementMap":{"0":{"start":{"line":2,"column":0},"end":{"line":2,"column":62}},"1":{"start":{"line":3,"column":16},"end":{"line":3,"column":34}},"2":{"start":{"line":4,"column":20},"end":{"line":4,"column":42}},"3":{"start":{"line":5,"column":19},"end":{"line":5,"column":41}},"4":{"start":{"line":6,"column":15},"end":{"line":6,"column":32}},"5":{"start":{"line":7,"column":15},"end":{"line":7,"column":32}},"6":{"start":{"line":8,"column":25},"end":{"line":8,"column":53}},"7":{"start":{"line":10,"column":0},"end":{"line":10,"column":40}},"8":{"start":{"line":14,"column":12},"end":{"line":14,"column":21}},"9":{"start":{"line":16,"column":0},"end":{"line":16,"column":42}},"10":{"start":{"line":17,"column":0},"end":{"line":17,"column":23}},"11":{"start":{"line":18,"column":0},"end":{"line":18,"column":23}},"12":{"start":{"line":19,"column":0},"end":{"line":19,"column":27}},"13":{"start":{"line":20,"column":0},"end":{"line":20,"column":51}},"14":{"start":{"line":21,"column":0},"end":{"line":21,"column":28}},"15":{"start":{"line":32,"column":17},"end":{"line":32,"column":36}},"16":{"start":{"line":33,"column":0},"end":{"line":33,"column":22}},"17":{"start":{"line":34,"column":0},"end":{"line":34,"column":21}}},"fnMap":{},"branchMap":{"0":{"loc":{"start":{"line":16,"column":16},"end":{"line":16,"column":40}},"type":"binary-expr","locations":[{"start":{"line":16,"column":16},"end":{"line":16,"column":32}},{"start":{"line":16,"column":36},"end":{"line":16,"column":40}}],"line":16}},"s":{"0":2,"1":2,"2":2,"3":2,"4":2,"5":2,"6":2,"7":2,"8":2,"9":2,"10":2,"11":2,"12":2,"13":2,"14":2,"15":2,"16":2,"17":2},"f":{},"b":{"0":[2,2]},"inputSourceMap":{"version":3,"file":"app.js","sourceRoot":"","sources":["app.ts"],"names":[],"mappings":";;AAAA,mCAAmC;AACnC,2CAA2C,CAAE,sBAAsB;AAEnE,0CAA0C;AAC1C,iCAAiC;AACjC,iCAAiC;AAGjC,sDAAsD;AAGtD,yFAAyF;AACzF,MAAM,CAAC,MAAM,CAAC,EAAE,IAAI,EAAE,cAAc,EAAE,CAAC,CAAC;AAExC,sCAAsC;AACtC,uDAAuD;AAEvD,wBAAwB;AACxB,MAAM,GAAG,GAAG,OAAO,EAAE,CAAC;AAEtB,wBAAwB;AACxB,GAAG,CAAC,GAAG,CAAC,MAAM,EAAE,OAAO,CAAC,GAAG,CAAC,IAAI,IAAI,IAAI,CAAC,CAAC;AAC1C,GAAG,CAAC,GAAG,CAAC,WAAW,EAAE,CAAC,CAAC;AACvB,GAAG,CAAC,GAAG,CAAC,MAAM,CAAC,KAAK,CAAC,CAAC,CAAC;AACvB,GAAG,CAAC,GAAG,CAAC,UAAU,CAAC,IAAI,EAAE,CAAC,CAAC;AAC3B,GAAG,CAAC,GAAG,CAAC,UAAU,CAAC,UAAU,CAAC,EAAE,QAAQ,EAAE,IAAI,EAAE,CAAC,CAAC,CAAC;AACnD,GAAG,CAAC,GAAG,CAAC,gBAAgB,EAAE,CAAC,CAAC;AAC5B,kCAAkC;AAClC,+BAA+B;AAE/B;;;;;;GAMG;AAGH,sCAAsC;AACtC,qCAAkC;AAElC,gBAAU,CAAC,GAAG,CAAC,CAAC;AAEhB,MAAM,CAAC,OAAO,GAAG,GAAG,CAAC","sourcesContent":["import * as express from \"express\";\r\nimport * as compression from \"compression\";  // compresses requests\r\nimport * as session from \"express-session\";\r\nimport * as bodyParser from \"body-parser\";\r\nimport * as logger from \"morgan\";\r\nimport * as dotenv from \"dotenv\";\r\nimport * as path from \"path\";\r\nimport * as passport from \"passport\";\r\nimport * as expressValidator from \"express-validator\";\r\nimport * as bluebird from \"bluebird\";\r\n\r\n// Load environment variables from .env file, where API keys and passwords are configured\r\ndotenv.config({ path: \".env.example\" });\r\n\r\n// API keys and Passport configuration\r\n// import * as passportConfig from \"./config/passport\";\r\n\r\n// Create Express server\r\nconst app = express();\r\n\r\n// Express configuration\r\napp.set(\"port\", process.env.PORT || 3000);\r\napp.use(compression());\r\napp.use(logger(\"dev\"));\r\napp.use(bodyParser.json());\r\napp.use(bodyParser.urlencoded({ extended: true }));\r\napp.use(expressValidator());\r\n// app.use(passport.initialize());\r\n// app.use(passport.session());\r\n\r\n/*\r\n * OAuth authentication routes. (Sign in)\r\napp.get(\"/auth/facebook\", passport.authenticate(\"facebook\", { scope: [\"email\", \"public_profile\"] }));\r\napp.get(\"/auth/facebook/callback\", passport.authenticate(\"facebook\", { failureRedirect: \"/login\" }), (req, res) => {\r\n  res.redirect(req.session.returnTo || \"/\");\r\n});\r\n */\r\n\r\n\r\n// API keys and Passport configuration\r\nimport initRoutes from \"./routes\";\r\n\r\ninitRoutes(app);\r\n\r\nmodule.exports = app;"]},"_coverageSchema":"332fd63041d2c1bcb487cc26dd0d5f7d97098a6c","hash":"6de5a8c535f596000854a2cc4aa5ac82d6984653"}
,"C:\\workspace\\projects\\delightreading\\delightreading-backend\\src\\controllers\\manage.ts": {"path":"C:\\workspace\\projects\\delightreading\\delightreading-backend\\src\\controllers\\manage.ts","statementMap":{"0":{"start":{"line":2,"column":0},"end":{"line":2,"column":62}},"1":{"start":{"line":7,"column":0},"end":{"line":9,"column":2}},"2":{"start":{"line":8,"column":4},"end":{"line":8,"column":35}}},"fnMap":{"0":{"name":"(anonymous_0)","decl":{"start":{"line":7,"column":18},"end":{"line":7,"column":19}},"loc":{"start":{"line":7,"column":32},"end":{"line":9,"column":1}},"line":7}},"branchMap":{},"s":{"0":2,"1":2,"2":0},"f":{"0":0},"b":{},"inputSourceMap":{"version":3,"file":"manage.js","sourceRoot":"","sources":["manage.ts"],"names":[],"mappings":"AAAA,YAAY,CAAC;;AAMb;;;GAGG;AACQ,QAAA,OAAO,GAAG,CAAC,GAAY,EAAE,GAAa,EAAE,EAAE;IACnD,GAAG,CAAC,IAAI,CAAC,EAAE,MAAM,EAAE,QAAQ,EAAE,CAAC,CAAC;AACjC,CAAC,CAAC","sourcesContent":["\"use strict\";\r\n\r\nimport * as async from \"async\";\r\nimport { Response, Request, NextFunction } from \"express\";\r\n\r\n\r\n/**\r\n * GET /api\r\n * List of API examples.\r\n */\r\nexport let getInfo = (req: Request, res: Response) => {\r\n  res.json({ server: \"Server\" });\r\n};\r\n"]},"_coverageSchema":"332fd63041d2c1bcb487cc26dd0d5f7d97098a6c","hash":"41f8c48a271d21a2ff9bded80ed5ebf5672d7a22"}
,"C:\\workspace\\projects\\delightreading\\delightreading-backend\\src\\controllers\\useraccount.ts": {"path":"C:\\workspace\\projects\\delightreading\\delightreading-backend\\src\\controllers\\useraccount.ts","statementMap":{"0":{"start":{"line":2,"column":16},"end":{"line":9,"column":1}},"1":{"start":{"line":3,"column":4},"end":{"line":8,"column":7}},"2":{"start":{"line":4,"column":36},"end":{"line":4,"column":97}},"3":{"start":{"line":4,"column":42},"end":{"line":4,"column":70}},"4":{"start":{"line":4,"column":85},"end":{"line":4,"column":95}},"5":{"start":{"line":5,"column":35},"end":{"line":5,"column":100}},"6":{"start":{"line":5,"column":41},"end":{"line":5,"column":73}},"7":{"start":{"line":5,"column":88},"end":{"line":5,"column":98}},"8":{"start":{"line":6,"column":32},"end":{"line":6,"column":149}},"9":{"start":{"line":6,"column":97},"end":{"line":6,"column":119}},"10":{"start":{"line":7,"column":8},"end":{"line":7,"column":78}},"11":{"start":{"line":10,"column":0},"end":{"line":10,"column":62}},"12":{"start":{"line":11,"column":18},"end":{"line":11,"column":36}},"13":{"start":{"line":12,"column":22},"end":{"line":12,"column":54}},"14":{"start":{"line":17,"column":0},"end":{"line":23,"column":3}},"15":{"start":{"line":17,"column":39},"end":{"line":23,"column":2}},"16":{"start":{"line":18,"column":4},"end":{"line":18,"column":56}},"17":{"start":{"line":19,"column":28},"end":{"line":19,"column":78}},"18":{"start":{"line":20,"column":29},"end":{"line":20,"column":65}},"19":{"start":{"line":21,"column":4},"end":{"line":21,"column":64}},"20":{"start":{"line":22,"column":4},"end":{"line":22,"column":31}},"21":{"start":{"line":24,"column":0},"end":{"line":30,"column":3}},"22":{"start":{"line":24,"column":40},"end":{"line":30,"column":2}},"23":{"start":{"line":25,"column":4},"end":{"line":25,"column":56}},"24":{"start":{"line":26,"column":28},"end":{"line":26,"column":78}},"25":{"start":{"line":27,"column":34},"end":{"line":27,"column":62}},"26":{"start":{"line":28,"column":4},"end":{"line":28,"column":60}},"27":{"start":{"line":29,"column":4},"end":{"line":29,"column":27}}},"fnMap":{"0":{"name":"(anonymous_0)","decl":{"start":{"line":2,"column":44},"end":{"line":2,"column":45}},"loc":{"start":{"line":2,"column":89},"end":{"line":9,"column":1}},"line":2},"1":{"name":"(anonymous_1)","decl":{"start":{"line":3,"column":36},"end":{"line":3,"column":37}},"loc":{"start":{"line":3,"column":63},"end":{"line":8,"column":5}},"line":3},"2":{"name":"fulfilled","decl":{"start":{"line":4,"column":17},"end":{"line":4,"column":26}},"loc":{"start":{"line":4,"column":34},"end":{"line":4,"column":99}},"line":4},"3":{"name":"rejected","decl":{"start":{"line":5,"column":17},"end":{"line":5,"column":25}},"loc":{"start":{"line":5,"column":33},"end":{"line":5,"column":102}},"line":5},"4":{"name":"step","decl":{"start":{"line":6,"column":17},"end":{"line":6,"column":21}},"loc":{"start":{"line":6,"column":30},"end":{"line":6,"column":151}},"line":6},"5":{"name":"(anonymous_5)","decl":{"start":{"line":6,"column":76},"end":{"line":6,"column":77}},"loc":{"start":{"line":6,"column":95},"end":{"line":6,"column":121}},"line":6},"6":{"name":"(anonymous_6)","decl":{"start":{"line":17,"column":25},"end":{"line":17,"column":26}},"loc":{"start":{"line":17,"column":39},"end":{"line":23,"column":2}},"line":17},"7":{"name":"(anonymous_7)","decl":{"start":{"line":17,"column":71},"end":{"line":17,"column":72}},"loc":{"start":{"line":17,"column":84},"end":{"line":23,"column":1}},"line":17},"8":{"name":"(anonymous_8)","decl":{"start":{"line":24,"column":26},"end":{"line":24,"column":27}},"loc":{"start":{"line":24,"column":40},"end":{"line":30,"column":2}},"line":24},"9":{"name":"(anonymous_9)","decl":{"start":{"line":24,"column":72},"end":{"line":24,"column":73}},"loc":{"start":{"line":24,"column":85},"end":{"line":30,"column":1}},"line":24}},"branchMap":{"0":{"loc":{"start":{"line":2,"column":16},"end":{"line":9,"column":1}},"type":"binary-expr","locations":[{"start":{"line":2,"column":17},"end":{"line":2,"column":21}},{"start":{"line":2,"column":25},"end":{"line":2,"column":39}},{"start":{"line":2,"column":44},"end":{"line":9,"column":1}}],"line":2},"1":{"loc":{"start":{"line":3,"column":16},"end":{"line":3,"column":34}},"type":"binary-expr","locations":[{"start":{"line":3,"column":16},"end":{"line":3,"column":17}},{"start":{"line":3,"column":22},"end":{"line":3,"column":33}}],"line":3},"2":{"loc":{"start":{"line":6,"column":32},"end":{"line":6,"column":148}},"type":"cond-expr","locations":[{"start":{"line":6,"column":46},"end":{"line":6,"column":67}},{"start":{"line":6,"column":70},"end":{"line":6,"column":148}}],"line":6},"3":{"loc":{"start":{"line":7,"column":51},"end":{"line":7,"column":67}},"type":"binary-expr","locations":[{"start":{"line":7,"column":51},"end":{"line":7,"column":61}},{"start":{"line":7,"column":65},"end":{"line":7,"column":67}}],"line":7}},"s":{"0":2,"1":0,"2":0,"3":0,"4":0,"5":0,"6":0,"7":0,"8":0,"9":0,"10":0,"11":2,"12":2,"13":2,"14":2,"15":0,"16":0,"17":0,"18":0,"19":0,"20":0,"21":2,"22":0,"23":0,"24":0,"25":0,"26":0,"27":0},"f":{"0":0,"1":0,"2":0,"3":0,"4":0,"5":0,"6":0,"7":0,"8":0,"9":0},"b":{"0":[2,2,2],"1":[0,0],"2":[0,0],"3":[0,0]},"inputSourceMap":{"version":3,"file":"useraccount.js","sourceRoot":"","sources":["useraccount.ts"],"names":[],"mappings":"AAAA,YAAY,CAAC;;;;;;;;;;AAIb,qCAAwC;AACxC,uDAAoD;AAIpD;;;GAGG;AACQ,QAAA,cAAc,GAAG,CAAO,GAAY,EAAE,GAAa,EAAE,EAAE;IAEhE,OAAO,CAAC,GAAG,CAAC,IAAI,CAAC,SAAS,CAAC,GAAG,CAAC,IAAI,EAAE,SAAS,EAAE,CAAC,CAAC,CAAC,CAAC;IAEpD,MAAM,eAAe,GAAG,uBAAa,CAAC,yBAAW,CAAC,CAAC;IAEnD,MAAM,gBAAgB,GAAG,MAAM,eAAe,CAAC,IAAI,CAAC,GAAG,CAAC,IAAI,CAAC,CAAC;IAE9D,OAAO,CAAC,GAAG,CAAC,IAAI,CAAC,SAAS,CAAC,gBAAgB,EAAE,SAAS,EAAE,CAAC,CAAC,CAAC,CAAC;IAE5D,GAAG,CAAC,IAAI,CAAC,gBAAgB,CAAC,CAAC;AAC7B,CAAC,CAAA,CAAC;AAES,QAAA,eAAe,GAAG,CAAO,GAAY,EAAE,GAAa,EAAE,EAAE;IAEjE,OAAO,CAAC,GAAG,CAAC,IAAI,CAAC,SAAS,CAAC,GAAG,CAAC,IAAI,EAAE,SAAS,EAAE,CAAC,CAAC,CAAC,CAAC;IAEpD,MAAM,eAAe,GAAG,uBAAa,CAAC,yBAAW,CAAC,CAAC;IAEnD,MAAM,CAAC,YAAY,EAAE,KAAK,CAAC,GAAG,MAAM,eAAe,CAAC,IAAI,EAAE,CAAC;IAE3D,OAAO,CAAC,GAAG,CAAC,IAAI,CAAC,SAAS,CAAC,YAAY,EAAE,SAAS,EAAE,CAAC,CAAC,CAAC,CAAC;IAExD,GAAG,CAAC,IAAI,CAAC,YAAY,CAAC,CAAC;AACzB,CAAC,CAAA,CAAC","sourcesContent":["\"use strict\";\r\n\r\nimport * as async from \"async\";\r\nimport { Response, Request, NextFunction } from \"express\";\r\nimport { getRepository } from \"typeorm\";\r\nimport { UserAccount } from \"../entity/UserAccount\";\r\n\r\n\r\n\r\n/**\r\n * GET /api\r\n * List of API examples.\r\n */\r\nexport let addUserAccount = async (req: Request, res: Response) => {\r\n\r\n  console.log(JSON.stringify(req.body, undefined, 2));\r\n\r\n  const userAccountRepo = getRepository(UserAccount);\r\n\r\n  const savedUserAccount = await userAccountRepo.save(req.body);\r\n\r\n  console.log(JSON.stringify(savedUserAccount, undefined, 2));\r\n\r\n  res.json(savedUserAccount);\r\n};\r\n\r\nexport let listUserAccount = async (req: Request, res: Response) => {\r\n\r\n  console.log(JSON.stringify(req.body, undefined, 2));\r\n\r\n  const userAccountRepo = getRepository(UserAccount);\r\n\r\n  const [userAccounts, count] = await userAccountRepo.find();\r\n\r\n  console.log(JSON.stringify(userAccounts, undefined, 2));\r\n\r\n  res.json(userAccounts);\r\n};"]},"_coverageSchema":"332fd63041d2c1bcb487cc26dd0d5f7d97098a6c","hash":"011373a4c4f368508e6d4e288008a9d74bb6f5f9"}
,"C:\\workspace\\projects\\delightreading\\delightreading-backend\\src\\entity\\EntityBase.ts": {"path":"C:\\workspace\\projects\\delightreading\\delightreading-backend\\src\\entity\\EntityBase.ts","statementMap":{"0":{"start":{"line":2,"column":17},"end":{"line":7,"column":1}},"1":{"start":{"line":3,"column":12},"end":{"line":3,"column":28}},"2":{"start":{"line":3,"column":34},"end":{"line":3,"column":125}},"3":{"start":{"line":4,"column":4},"end":{"line":5,"column":150}},"4":{"start":{"line":4,"column":79},"end":{"line":4,"column":131}},"5":{"start":{"line":5,"column":9},"end":{"line":5,"column":150}},"6":{"start":{"line":5,"column":58},"end":{"line":5,"column":150}},"7":{"start":{"line":5,"column":81},"end":{"line":5,"column":150}},"8":{"start":{"line":6,"column":4},"end":{"line":6,"column":66}},"9":{"start":{"line":8,"column":17},"end":{"line":10,"column":1}},"10":{"start":{"line":9,"column":4},"end":{"line":9,"column":109}},"11":{"start":{"line":9,"column":79},"end":{"line":9,"column":109}},"12":{"start":{"line":11,"column":0},"end":{"line":11,"column":62}},"13":{"start":{"line":12,"column":18},"end":{"line":12,"column":36}},"14":{"start":{"line":16,"column":0},"end":{"line":19,"column":40}},"15":{"start":{"line":20,"column":0},"end":{"line":27,"column":40}},"16":{"start":{"line":28,"column":0},"end":{"line":34,"column":43}},"17":{"start":{"line":35,"column":0},"end":{"line":40,"column":46}},"18":{"start":{"line":41,"column":0},"end":{"line":46,"column":46}},"19":{"start":{"line":47,"column":0},"end":{"line":52,"column":46}},"20":{"start":{"line":53,"column":0},"end":{"line":58,"column":46}},"21":{"start":{"line":59,"column":0},"end":{"line":59,"column":32}}},"fnMap":{"0":{"name":"(anonymous_0)","decl":{"start":{"line":2,"column":46},"end":{"line":2,"column":47}},"loc":{"start":{"line":2,"column":87},"end":{"line":7,"column":1}},"line":2},"1":{"name":"(anonymous_1)","decl":{"start":{"line":8,"column":46},"end":{"line":8,"column":47}},"loc":{"start":{"line":8,"column":62},"end":{"line":10,"column":1}},"line":8}},"branchMap":{"0":{"loc":{"start":{"line":2,"column":17},"end":{"line":7,"column":1}},"type":"binary-expr","locations":[{"start":{"line":2,"column":18},"end":{"line":2,"column":22}},{"start":{"line":2,"column":26},"end":{"line":2,"column":41}},{"start":{"line":2,"column":46},"end":{"line":7,"column":1}}],"line":2},"1":{"loc":{"start":{"line":3,"column":34},"end":{"line":3,"column":125}},"type":"cond-expr","locations":[{"start":{"line":3,"column":42},"end":{"line":3,"column":48}},{"start":{"line":3,"column":51},"end":{"line":3,"column":125}}],"line":3},"2":{"loc":{"start":{"line":3,"column":51},"end":{"line":3,"column":125}},"type":"cond-expr","locations":[{"start":{"line":3,"column":67},"end":{"line":3,"column":118}},{"start":{"line":3,"column":121},"end":{"line":3,"column":125}}],"line":3},"3":{"loc":{"start":{"line":4,"column":4},"end":{"line":5,"column":150}},"type":"if","locations":[{"start":{"line":4,"column":4},"end":{"line":5,"column":150}},{"start":{"line":4,"column":4},"end":{"line":5,"column":150}}],"line":4},"4":{"loc":{"start":{"line":4,"column":8},"end":{"line":4,"column":77}},"type":"binary-expr","locations":[{"start":{"line":4,"column":8},"end":{"line":4,"column":35}},{"start":{"line":4,"column":39},"end":{"line":4,"column":77}}],"line":4},"5":{"loc":{"start":{"line":5,"column":58},"end":{"line":5,"column":150}},"type":"if","locations":[{"start":{"line":5,"column":58},"end":{"line":5,"column":150}},{"start":{"line":5,"column":58},"end":{"line":5,"column":150}}],"line":5},"6":{"loc":{"start":{"line":5,"column":85},"end":{"line":5,"column":149}},"type":"binary-expr","locations":[{"start":{"line":5,"column":86},"end":{"line":5,"column":143}},{"start":{"line":5,"column":148},"end":{"line":5,"column":149}}],"line":5},"7":{"loc":{"start":{"line":5,"column":86},"end":{"line":5,"column":143}},"type":"cond-expr","locations":[{"start":{"line":5,"column":94},"end":{"line":5,"column":98}},{"start":{"line":5,"column":101},"end":{"line":5,"column":143}}],"line":5},"8":{"loc":{"start":{"line":5,"column":101},"end":{"line":5,"column":143}},"type":"cond-expr","locations":[{"start":{"line":5,"column":109},"end":{"line":5,"column":126}},{"start":{"line":5,"column":129},"end":{"line":5,"column":143}}],"line":5},"9":{"loc":{"start":{"line":6,"column":11},"end":{"line":6,"column":62}},"type":"binary-expr","locations":[{"start":{"line":6,"column":11},"end":{"line":6,"column":16}},{"start":{"line":6,"column":20},"end":{"line":6,"column":21}},{"start":{"line":6,"column":25},"end":{"line":6,"column":62}}],"line":6},"10":{"loc":{"start":{"line":8,"column":17},"end":{"line":10,"column":1}},"type":"binary-expr","locations":[{"start":{"line":8,"column":18},"end":{"line":8,"column":22}},{"start":{"line":8,"column":26},"end":{"line":8,"column":41}},{"start":{"line":8,"column":46},"end":{"line":10,"column":1}}],"line":8},"11":{"loc":{"start":{"line":9,"column":4},"end":{"line":9,"column":109}},"type":"if","locations":[{"start":{"line":9,"column":4},"end":{"line":9,"column":109}},{"start":{"line":9,"column":4},"end":{"line":9,"column":109}}],"line":9},"12":{"loc":{"start":{"line":9,"column":8},"end":{"line":9,"column":77}},"type":"binary-expr","locations":[{"start":{"line":9,"column":8},"end":{"line":9,"column":35}},{"start":{"line":9,"column":39},"end":{"line":9,"column":77}}],"line":9}},"s":{"0":2,"1":14,"2":14,"3":14,"4":0,"5":14,"6":30,"7":16,"8":14,"9":2,"10":14,"11":0,"12":2,"13":2,"14":2,"15":2,"16":2,"17":2,"18":2,"19":2,"20":2,"21":2},"f":{"0":14,"1":14},"b":{"0":[2,2,2],"1":[0,14],"2":[0,14],"3":[0,14],"4":[14,14],"5":[16,14],"6":[16,16],"7":[0,16],"8":[16,0],"9":[14,14,0],"10":[2,2,2],"11":[0,14],"12":[14,14]},"inputSourceMap":{"version":3,"file":"EntityBase.js","sourceRoot":"","sources":["EntityBase.ts"],"names":[],"mappings":";;;;;;;;;;;AAAA,qCAA2F;AAE3F,sDAAsD;AACtD;CAsCC;AAnCG;IADC,gCAAsB,EAAE;;uCACb;AAOZ;IALC,gBAAM,CAAC;QACJ,IAAI,EAAE,SAAS;QACf,MAAM,EAAE,EAAE;KACb,CAAC;IACD,mBAAS,CAAC,MAAM,CAAC;;uCACN;AAMZ;IAJC,gBAAM,CAAC;QACJ,IAAI,EAAE,SAAS;QACf,MAAM,EAAE,EAAE;KACb,CAAC;;0CACa;AAKf;IAHC,gBAAM,CAAC;QACJ,IAAI,EAAE,WAAW;KACpB,CAAC;;6CACc;AAKhB;IAHC,gBAAM,CAAC;QACJ,IAAI,EAAE,QAAQ;KACjB,CAAC;;6CACgB;AAKlB;IAHC,gBAAM,CAAC;QACJ,IAAI,EAAE,WAAW;KACpB,CAAC;;6CACc;AAKhB;IAHC,gBAAM,CAAC;QACJ,IAAI,EAAE,QAAQ;KACjB,CAAC;;6CACgB;AApCtB,gCAsCC","sourcesContent":["import { Entity, PrimaryGeneratedColumn, Column, PrimaryColumn, Generated } from \"typeorm\";\r\n\r\n// @see https://github.com/typeorm/typeorm/issues/1151\r\nexport class EntityBase {\r\n\r\n    @PrimaryGeneratedColumn()\r\n    sid: number;\r\n\r\n    @Column({\r\n        type: \"varchar\",\r\n        length: 80\r\n    })\r\n    @Generated(\"uuid\")\r\n    uid: string;\r\n\r\n    @Column({\r\n        type: \"varchar\",\r\n        length: 12\r\n    })\r\n    status: string;\r\n\r\n    @Column({\r\n        type: \"timestamp\"\r\n    })\r\n    createdAt: Date;\r\n\r\n    @Column({\r\n        type: \"bigint\"\r\n    })\r\n    createdBy: number;\r\n\r\n    @Column({\r\n        type: \"timestamp\"\r\n    })\r\n    updatedAt: Date;\r\n\r\n    @Column({\r\n        type: \"bigint\"\r\n    })\r\n    updatedBy: number;\r\n\r\n}\r\n"]},"_coverageSchema":"332fd63041d2c1bcb487cc26dd0d5f7d97098a6c","hash":"636c748540f60dbd75c84719cbf90070867dd471"}
,"C:\\workspace\\projects\\delightreading\\delightreading-backend\\src\\entity\\UserAccount.ts": {"path":"C:\\workspace\\projects\\delightreading\\delightreading-backend\\src\\entity\\UserAccount.ts","statementMap":{"0":{"start":{"line":2,"column":17},"end":{"line":7,"column":1}},"1":{"start":{"line":3,"column":12},"end":{"line":3,"column":28}},"2":{"start":{"line":3,"column":34},"end":{"line":3,"column":125}},"3":{"start":{"line":4,"column":4},"end":{"line":5,"column":150}},"4":{"start":{"line":4,"column":79},"end":{"line":4,"column":131}},"5":{"start":{"line":5,"column":9},"end":{"line":5,"column":150}},"6":{"start":{"line":5,"column":58},"end":{"line":5,"column":150}},"7":{"start":{"line":5,"column":81},"end":{"line":5,"column":150}},"8":{"start":{"line":6,"column":4},"end":{"line":6,"column":66}},"9":{"start":{"line":8,"column":17},"end":{"line":10,"column":1}},"10":{"start":{"line":9,"column":4},"end":{"line":9,"column":109}},"11":{"start":{"line":9,"column":79},"end":{"line":9,"column":109}},"12":{"start":{"line":11,"column":0},"end":{"line":11,"column":62}},"13":{"start":{"line":12,"column":18},"end":{"line":12,"column":36}},"14":{"start":{"line":13,"column":21},"end":{"line":13,"column":44}},"15":{"start":{"line":14,"column":18},"end":{"line":15,"column":1}},"16":{"start":{"line":16,"column":0},"end":{"line":22,"column":46}},"17":{"start":{"line":23,"column":0},"end":{"line":29,"column":46}},"18":{"start":{"line":30,"column":0},"end":{"line":36,"column":47}},"19":{"start":{"line":37,"column":0},"end":{"line":43,"column":48}},"20":{"start":{"line":44,"column":0},"end":{"line":50,"column":48}},"21":{"start":{"line":51,"column":0},"end":{"line":56,"column":49}},"22":{"start":{"line":57,"column":0},"end":{"line":63,"column":48}},"23":{"start":{"line":64,"column":0},"end":{"line":70,"column":44}},"24":{"start":{"line":71,"column":0},"end":{"line":77,"column":46}},"25":{"start":{"line":78,"column":0},"end":{"line":83,"column":48}},"26":{"start":{"line":84,"column":0},"end":{"line":89,"column":49}},"27":{"start":{"line":90,"column":0},"end":{"line":96,"column":56}},"28":{"start":{"line":97,"column":0},"end":{"line":102,"column":58}},"29":{"start":{"line":103,"column":0},"end":{"line":105,"column":16}},"30":{"start":{"line":106,"column":0},"end":{"line":106,"column":34}}},"fnMap":{"0":{"name":"(anonymous_0)","decl":{"start":{"line":2,"column":46},"end":{"line":2,"column":47}},"loc":{"start":{"line":2,"column":87},"end":{"line":7,"column":1}},"line":2},"1":{"name":"(anonymous_1)","decl":{"start":{"line":8,"column":46},"end":{"line":8,"column":47}},"loc":{"start":{"line":8,"column":62},"end":{"line":10,"column":1}},"line":8}},"branchMap":{"0":{"loc":{"start":{"line":2,"column":17},"end":{"line":7,"column":1}},"type":"binary-expr","locations":[{"start":{"line":2,"column":18},"end":{"line":2,"column":22}},{"start":{"line":2,"column":26},"end":{"line":2,"column":41}},{"start":{"line":2,"column":46},"end":{"line":7,"column":1}}],"line":2},"1":{"loc":{"start":{"line":3,"column":34},"end":{"line":3,"column":125}},"type":"cond-expr","locations":[{"start":{"line":3,"column":42},"end":{"line":3,"column":48}},{"start":{"line":3,"column":51},"end":{"line":3,"column":125}}],"line":3},"2":{"loc":{"start":{"line":3,"column":51},"end":{"line":3,"column":125}},"type":"cond-expr","locations":[{"start":{"line":3,"column":67},"end":{"line":3,"column":118}},{"start":{"line":3,"column":121},"end":{"line":3,"column":125}}],"line":3},"3":{"loc":{"start":{"line":4,"column":4},"end":{"line":5,"column":150}},"type":"if","locations":[{"start":{"line":4,"column":4},"end":{"line":5,"column":150}},{"start":{"line":4,"column":4},"end":{"line":5,"column":150}}],"line":4},"4":{"loc":{"start":{"line":4,"column":8},"end":{"line":4,"column":77}},"type":"binary-expr","locations":[{"start":{"line":4,"column":8},"end":{"line":4,"column":35}},{"start":{"line":4,"column":39},"end":{"line":4,"column":77}}],"line":4},"5":{"loc":{"start":{"line":5,"column":58},"end":{"line":5,"column":150}},"type":"if","locations":[{"start":{"line":5,"column":58},"end":{"line":5,"column":150}},{"start":{"line":5,"column":58},"end":{"line":5,"column":150}}],"line":5},"6":{"loc":{"start":{"line":5,"column":85},"end":{"line":5,"column":149}},"type":"binary-expr","locations":[{"start":{"line":5,"column":86},"end":{"line":5,"column":143}},{"start":{"line":5,"column":148},"end":{"line":5,"column":149}}],"line":5},"7":{"loc":{"start":{"line":5,"column":86},"end":{"line":5,"column":143}},"type":"cond-expr","locations":[{"start":{"line":5,"column":94},"end":{"line":5,"column":98}},{"start":{"line":5,"column":101},"end":{"line":5,"column":143}}],"line":5},"8":{"loc":{"start":{"line":5,"column":101},"end":{"line":5,"column":143}},"type":"cond-expr","locations":[{"start":{"line":5,"column":109},"end":{"line":5,"column":126}},{"start":{"line":5,"column":129},"end":{"line":5,"column":143}}],"line":5},"9":{"loc":{"start":{"line":6,"column":11},"end":{"line":6,"column":62}},"type":"binary-expr","locations":[{"start":{"line":6,"column":11},"end":{"line":6,"column":16}},{"start":{"line":6,"column":20},"end":{"line":6,"column":21}},{"start":{"line":6,"column":25},"end":{"line":6,"column":62}}],"line":6},"10":{"loc":{"start":{"line":8,"column":17},"end":{"line":10,"column":1}},"type":"binary-expr","locations":[{"start":{"line":8,"column":18},"end":{"line":8,"column":22}},{"start":{"line":8,"column":26},"end":{"line":8,"column":41}},{"start":{"line":8,"column":46},"end":{"line":10,"column":1}}],"line":8},"11":{"loc":{"start":{"line":9,"column":4},"end":{"line":9,"column":109}},"type":"if","locations":[{"start":{"line":9,"column":4},"end":{"line":9,"column":109}},{"start":{"line":9,"column":4},"end":{"line":9,"column":109}}],"line":9},"12":{"loc":{"start":{"line":9,"column":8},"end":{"line":9,"column":77}},"type":"binary-expr","locations":[{"start":{"line":9,"column":8},"end":{"line":9,"column":35}},{"start":{"line":9,"column":39},"end":{"line":9,"column":77}}],"line":9}},"s":{"0":2,"1":28,"2":28,"3":28,"4":0,"5":28,"6":54,"7":28,"8":28,"9":2,"10":26,"11":0,"12":2,"13":2,"14":2,"15":2,"16":2,"17":2,"18":2,"19":2,"20":2,"21":2,"22":2,"23":2,"24":2,"25":2,"26":2,"27":2,"28":2,"29":2,"30":2},"f":{"0":28,"1":26},"b":{"0":[2,2,2],"1":[2,26],"2":[0,26],"3":[0,28],"4":[28,28],"5":[28,26],"6":[28,28],"7":[2,26],"8":[26,0],"9":[28,26,0],"10":[2,2,2],"11":[0,26],"12":[26,26]},"inputSourceMap":{"version":3,"file":"UserAccount.js","sourceRoot":"","sources":["UserAccount.ts"],"names":[],"mappings":";;;;;;;;;;;AAAA,qCAA2F;AAC3F,6CAA0C;AAG1C,IAAa,WAAW,GAAxB,iBAAyB,SAAQ,uBAAU;CA4E1C,CAAA;AAtEG;IAJC,gBAAM,CAAC;QACJ,IAAI,EAAE,SAAS;QACf,MAAM,EAAE,EAAE;KACb,CAAC;;6CACe;AAMjB;IAJC,gBAAM,CAAC;QACJ,IAAI,EAAE,SAAS;QACf,MAAM,EAAE,EAAE;KACb,CAAC;;6CACe;AAMjB;IAJC,gBAAM,CAAC;QACJ,IAAI,EAAE,SAAS;QACf,MAAM,EAAE,EAAE;KACb,CAAC;;8CACgB;AAMlB;IAJC,gBAAM,CAAC;QACJ,IAAI,EAAE,SAAS;QACf,MAAM,EAAE,EAAE;KACb,CAAC;;+CACiB;AAMnB;IAJC,gBAAM,CAAC;QACJ,IAAI,EAAE,SAAS;QACf,MAAM,EAAE,EAAE;KACb,CAAC;;+CACiB;AAKnB;IAHC,gBAAM,CAAC;QACJ,IAAI,EAAE,MAAM;KACf,CAAC;;gDACgB;AAMlB;IAJC,gBAAM,CAAC;QACJ,IAAI,EAAE,SAAS;QACf,MAAM,EAAE,GAAG;KACd,CAAC;;+CACiB;AAMnB;IAJC,gBAAM,CAAC;QACJ,IAAI,EAAE,SAAS;QACf,MAAM,EAAE,EAAE;KACb,CAAC;;2CACa;AAMf;IAJC,gBAAM,CAAC;QACJ,IAAI,EAAE,SAAS;QACf,MAAM,EAAE,EAAE;KACb,CAAC;;6CACe;AAKjB;IAHC,gBAAM,CAAC;QACJ,IAAI,EAAE,KAAK;KACd,CAAC;;+CACiB;AAKnB;IAHC,gBAAM,CAAC;QACJ,IAAI,EAAE,MAAM;KACf,CAAC;;gDACmB;AAMrB;IAJC,gBAAM,CAAC;QACJ,IAAI,EAAE,SAAS;QACf,MAAM,EAAE,EAAE;KACb,CAAC;;uDACyB;AAK3B;IAHC,gBAAM,CAAC;QACJ,IAAI,EAAE,WAAW;KACpB,CAAC;;yDACyB;AA1ElB,WAAW;IADvB,gBAAM,CAAC,cAAc,CAAC;GACV,WAAW,CA4EvB;AA5EY,kCAAW","sourcesContent":["import { Entity, PrimaryGeneratedColumn, Column, PrimaryColumn, Generated } from \"typeorm\";\r\nimport { EntityBase } from \"./EntityBase\";\r\n\r\n@Entity(\"user_account\")\r\nexport class UserAccount extends EntityBase {\r\n\r\n    @Column({\r\n        type: \"varchar\",\r\n        length: 64\r\n    })\r\n    username: string;\r\n\r\n    @Column({\r\n        type: \"varchar\",\r\n        length: 64\r\n    })\r\n    password: string;\r\n\r\n    @Column({\r\n        type: \"varchar\",\r\n        length: 64\r\n    })\r\n    givenName: string;\r\n\r\n    @Column({\r\n        type: \"varchar\",\r\n        length: 64\r\n    })\r\n    familyName: string;\r\n\r\n    @Column({\r\n        type: \"varchar\",\r\n        length: 64\r\n    })\r\n    middleName: string;\r\n\r\n    @Column({\r\n        type: \"date\"\r\n    })\r\n    dateOfBirth: Date;\r\n\r\n    @Column({\r\n        type: \"varchar\",\r\n        length: 255\r\n    })\r\n    pictureUri: string;\r\n\r\n    @Column({\r\n        type: \"varchar\",\r\n        length: 12\r\n    })\r\n    locale: string;\r\n\r\n    @Column({\r\n        type: \"varchar\",\r\n        length: 20\r\n    })\r\n    timezone: string;\r\n\r\n    @Column({\r\n        type: \"int\"\r\n    })\r\n    timeoffset: number;\r\n\r\n    @Column({\r\n        type: \"bool\"\r\n    })\r\n    verifiedInd: boolean;\r\n\r\n    @Column({\r\n        type: \"varchar\",\r\n        length: 32\r\n    })\r\n    passwordResetToken: string;\r\n\r\n    @Column({\r\n        type: \"timestamp\"\r\n    })\r\n    passwordResetExpires: Date;\r\n\r\n}\r\n"]},"_coverageSchema":"332fd63041d2c1bcb487cc26dd0d5f7d97098a6c","hash":"0facd680d1191edd79778d85d8114d53291413ca"}
,"C:\\workspace\\projects\\delightreading\\delightreading-backend\\src\\routes\\index.ts": {"path":"C:\\workspace\\projects\\delightreading\\delightreading-backend\\src\\routes\\index.ts","statementMap":{"0":{"start":{"line":2,"column":0},"end":{"line":2,"column":62}},"1":{"start":{"line":3,"column":16},"end":{"line":3,"column":34}},"2":{"start":{"line":4,"column":20},"end":{"line":4,"column":39}},"3":{"start":{"line":5,"column":19},"end":{"line":5,"column":37}},"4":{"start":{"line":6,"column":15},"end":{"line":6,"column":31}},"5":{"start":{"line":7,"column":0},"end":{"line":7,"column":36}},"6":{"start":{"line":8,"column":0},"end":{"line":8,"column":33}},"7":{"start":{"line":10,"column":4},"end":{"line":10,"column":28}},"8":{"start":{"line":12,"column":0},"end":{"line":12,"column":29}}},"fnMap":{"0":{"name":"initRoutes","decl":{"start":{"line":9,"column":9},"end":{"line":9,"column":19}},"loc":{"start":{"line":9,"column":25},"end":{"line":11,"column":1}},"line":9}},"branchMap":{},"s":{"0":2,"1":2,"2":2,"3":2,"4":2,"5":2,"6":2,"7":2,"8":2},"f":{"0":2},"b":{},"inputSourceMap":{"version":3,"file":"index.js","sourceRoot":"","sources":["index.ts"],"names":[],"mappings":";;AAAA,mCAAmC;AACnC,wCAAwC;AACxC,sCAAsC;AAEtC,MAAM,MAAM,GAAG,OAAO,CAAC,MAAM,EAAE,CAAC;AAEhC,MAAM,CAAC,GAAG,CAAC,UAAU,EAAE,WAAW,CAAC,CAAC;AACpC,MAAM,CAAC,GAAG,CAAC,QAAQ,EAAE,UAAU,CAAC,CAAC;AAEjC,oBAAmC,GAAoB;IACnD,GAAG,CAAC,GAAG,CAAC,MAAM,EAAE,MAAM,CAAC,CAAC;AAC5B,CAAC;AAFD,6BAEC","sourcesContent":["import * as express from \"express\";\r\nimport * as manageRoute from \"./manage\";\r\nimport * as usersRoute from \"./users\";\r\n\r\nconst router = express.Router();\r\n\r\nrouter.use(\"/_manage\", manageRoute);\r\nrouter.use(\"/users\", usersRoute);\r\n\r\nexport default function initRoutes(app: express.Express) {\r\n    app.use(\"/api\", router);\r\n}"]},"_coverageSchema":"332fd63041d2c1bcb487cc26dd0d5f7d97098a6c","hash":"13f0e35549d93b694392fd89eb2abf88058abcb1"}
,"C:\\workspace\\projects\\delightreading\\delightreading-backend\\src\\routes\\manage.ts": {"path":"C:\\workspace\\projects\\delightreading\\delightreading-backend\\src\\routes\\manage.ts","statementMap":{"0":{"start":{"line":2,"column":16},"end":{"line":2,"column":34}},"1":{"start":{"line":3,"column":25},"end":{"line":3,"column":57}},"2":{"start":{"line":4,"column":15},"end":{"line":4,"column":31}},"3":{"start":{"line":5,"column":0},"end":{"line":5,"column":46}},"4":{"start":{"line":6,"column":0},"end":{"line":6,"column":24}}},"fnMap":{},"branchMap":{},"s":{"0":2,"1":2,"2":2,"3":2,"4":2},"f":{},"b":{},"inputSourceMap":{"version":3,"file":"manage.js","sourceRoot":"","sources":["manage.ts"],"names":[],"mappings":";AAAA,mCAAmC;AACnC,0DAA0D;AAE1D,MAAM,MAAM,GAAG,OAAO,CAAC,MAAM,EAAE,CAAC;AAEhC,MAAM,CAAC,GAAG,CAAC,OAAO,EAAE,gBAAgB,CAAC,OAAO,CAAC,CAAC;AAE9C,iBAAS,MAAM,CAAC","sourcesContent":["import * as express from \"express\";\r\nimport * as manageController from \"../controllers/manage\";\r\n\r\nconst router = express.Router();\r\n\r\nrouter.use(\"/info\", manageController.getInfo);\r\n\r\nexport = router;\r\n"]},"_coverageSchema":"332fd63041d2c1bcb487cc26dd0d5f7d97098a6c","hash":"3bb2dad7ae38a4408c69e4a2844552d87c787f3f"}
,"C:\\workspace\\projects\\delightreading\\delightreading-backend\\src\\routes\\users.ts": {"path":"C:\\workspace\\projects\\delightreading\\delightreading-backend\\src\\routes\\users.ts","statementMap":{"0":{"start":{"line":2,"column":16},"end":{"line":2,"column":34}},"1":{"start":{"line":3,"column":30},"end":{"line":3,"column":67}},"2":{"start":{"line":4,"column":15},"end":{"line":4,"column":31}},"3":{"start":{"line":5,"column":0},"end":{"line":5,"column":55}},"4":{"start":{"line":6,"column":0},"end":{"line":6,"column":55}},"5":{"start":{"line":7,"column":0},"end":{"line":7,"column":24}}},"fnMap":{},"branchMap":{},"s":{"0":2,"1":2,"2":2,"3":2,"4":2,"5":2},"f":{},"b":{},"inputSourceMap":{"version":3,"file":"users.js","sourceRoot":"","sources":["users.ts"],"names":[],"mappings":";AAAA,mCAAmC;AACnC,oEAAoE;AAEpE,MAAM,MAAM,GAAG,OAAO,CAAC,MAAM,EAAE,CAAC;AAEhC,MAAM,CAAC,IAAI,CAAC,GAAG,EAAE,qBAAqB,CAAC,cAAc,CAAC,CAAC;AACvD,MAAM,CAAC,GAAG,CAAC,GAAG,EAAE,qBAAqB,CAAC,eAAe,CAAC,CAAC;AAEvD,iBAAS,MAAM,CAAC","sourcesContent":["import * as express from \"express\";\r\nimport * as userAccountController from \"../controllers/useraccount\";\r\n\r\nconst router = express.Router();\r\n\r\nrouter.post(\"/\", userAccountController.addUserAccount);\r\nrouter.get(\"/\", userAccountController.listUserAccount);\r\n\r\nexport = router;\r\n"]},"_coverageSchema":"332fd63041d2c1bcb487cc26dd0d5f7d97098a6c","hash":"c86e5aec19b12c214a0b540bdbdba7a745705e80"}
}
