{"C:\\workspace\\projects\\delightreading\\delightreading-backend\\src\\app.ts": {"path":"C:\\workspace\\projects\\delightreading\\delightreading-backend\\src\\app.ts","statementMap":{"0":{"start":{"line":2,"column":0},"end":{"line":2,"column":62}},"1":{"start":{"line":3,"column":16},"end":{"line":3,"column":34}},"2":{"start":{"line":4,"column":20},"end":{"line":4,"column":42}},"3":{"start":{"line":5,"column":19},"end":{"line":5,"column":41}},"4":{"start":{"line":6,"column":15},"end":{"line":6,"column":32}},"5":{"start":{"line":7,"column":15},"end":{"line":7,"column":32}},"6":{"start":{"line":8,"column":25},"end":{"line":8,"column":53}},"7":{"start":{"line":10,"column":0},"end":{"line":10,"column":40}},"8":{"start":{"line":14,"column":12},"end":{"line":14,"column":21}},"9":{"start":{"line":16,"column":0},"end":{"line":16,"column":42}},"10":{"start":{"line":17,"column":0},"end":{"line":17,"column":23}},"11":{"start":{"line":18,"column":0},"end":{"line":18,"column":23}},"12":{"start":{"line":19,"column":0},"end":{"line":19,"column":27}},"13":{"start":{"line":20,"column":0},"end":{"line":20,"column":51}},"14":{"start":{"line":21,"column":0},"end":{"line":21,"column":28}},"15":{"start":{"line":32,"column":17},"end":{"line":32,"column":36}},"16":{"start":{"line":33,"column":0},"end":{"line":33,"column":22}},"17":{"start":{"line":34,"column":0},"end":{"line":34,"column":21}}},"fnMap":{},"branchMap":{"0":{"loc":{"start":{"line":16,"column":16},"end":{"line":16,"column":40}},"type":"binary-expr","locations":[{"start":{"line":16,"column":16},"end":{"line":16,"column":32}},{"start":{"line":16,"column":36},"end":{"line":16,"column":40}}],"line":16}},"s":{"0":2,"1":2,"2":2,"3":2,"4":2,"5":2,"6":2,"7":2,"8":2,"9":2,"10":2,"11":2,"12":2,"13":2,"14":2,"15":2,"16":2,"17":2},"f":{},"b":{"0":[2,2]},"inputSourceMap":{"version":3,"file":"app.js","sourceRoot":"","sources":["app.ts"],"names":[],"mappings":";;AAAA,mCAAmC;AACnC,2CAA2C,CAAE,sBAAsB;AAEnE,0CAA0C;AAC1C,iCAAiC;AACjC,iCAAiC;AAGjC,sDAAsD;AAGtD,yFAAyF;AACzF,MAAM,CAAC,MAAM,CAAC,EAAE,IAAI,EAAE,cAAc,EAAE,CAAC,CAAC;AAExC,sCAAsC;AACtC,uDAAuD;AAEvD,wBAAwB;AACxB,MAAM,GAAG,GAAG,OAAO,EAAE,CAAC;AAEtB,wBAAwB;AACxB,GAAG,CAAC,GAAG,CAAC,MAAM,EAAE,OAAO,CAAC,GAAG,CAAC,IAAI,IAAI,IAAI,CAAC,CAAC;AAC1C,GAAG,CAAC,GAAG,CAAC,WAAW,EAAE,CAAC,CAAC;AACvB,GAAG,CAAC,GAAG,CAAC,MAAM,CAAC,KAAK,CAAC,CAAC,CAAC;AACvB,GAAG,CAAC,GAAG,CAAC,UAAU,CAAC,IAAI,EAAE,CAAC,CAAC;AAC3B,GAAG,CAAC,GAAG,CAAC,UAAU,CAAC,UAAU,CAAC,EAAE,QAAQ,EAAE,IAAI,EAAE,CAAC,CAAC,CAAC;AACnD,GAAG,CAAC,GAAG,CAAC,gBAAgB,EAAE,CAAC,CAAC;AAC5B,kCAAkC;AAClC,+BAA+B;AAE/B;;;;;;GAMG;AAGH,sCAAsC;AACtC,qCAAkC;AAElC,gBAAU,CAAC,GAAG,CAAC,CAAC;AAEhB,MAAM,CAAC,OAAO,GAAG,GAAG,CAAC","sourcesContent":["import * as express from \"express\";\r\nimport * as compression from \"compression\";  // compresses requests\r\nimport * as session from \"express-session\";\r\nimport * as bodyParser from \"body-parser\";\r\nimport * as logger from \"morgan\";\r\nimport * as dotenv from \"dotenv\";\r\nimport * as path from \"path\";\r\nimport * as passport from \"passport\";\r\nimport * as expressValidator from \"express-validator\";\r\nimport * as bluebird from \"bluebird\";\r\n\r\n// Load environment variables from .env file, where API keys and passwords are configured\r\ndotenv.config({ path: \".env.example\" });\r\n\r\n// API keys and Passport configuration\r\n// import * as passportConfig from \"./config/passport\";\r\n\r\n// Create Express server\r\nconst app = express();\r\n\r\n// Express configuration\r\napp.set(\"port\", process.env.PORT || 8080);\r\napp.use(compression());\r\napp.use(logger(\"dev\"));\r\napp.use(bodyParser.json());\r\napp.use(bodyParser.urlencoded({ extended: true }));\r\napp.use(expressValidator());\r\n// app.use(passport.initialize());\r\n// app.use(passport.session());\r\n\r\n/*\r\n * OAuth authentication routes. (Sign in)\r\napp.get(\"/auth/facebook\", passport.authenticate(\"facebook\", { scope: [\"email\", \"public_profile\"] }));\r\napp.get(\"/auth/facebook/callback\", passport.authenticate(\"facebook\", { failureRedirect: \"/login\" }), (req, res) => {\r\n  res.redirect(req.session.returnTo || \"/\");\r\n});\r\n */\r\n\r\n\r\n// API keys and Passport configuration\r\nimport initRoutes from \"./routes\";\r\n\r\ninitRoutes(app);\r\n\r\nmodule.exports = app;"]},"_coverageSchema":"332fd63041d2c1bcb487cc26dd0d5f7d97098a6c","hash":"97a9912d2d15e9ec51f19fbb08da23a56d65d080"}
,"C:\\workspace\\projects\\delightreading\\delightreading-backend\\src\\controller\\activityLog.ts": {"path":"C:\\workspace\\projects\\delightreading\\delightreading-backend\\src\\controller\\activityLog.ts","statementMap":{"0":{"start":{"line":2,"column":16},"end":{"line":9,"column":1}},"1":{"start":{"line":3,"column":4},"end":{"line":8,"column":7}},"2":{"start":{"line":4,"column":36},"end":{"line":4,"column":97}},"3":{"start":{"line":4,"column":42},"end":{"line":4,"column":70}},"4":{"start":{"line":4,"column":85},"end":{"line":4,"column":95}},"5":{"start":{"line":5,"column":35},"end":{"line":5,"column":100}},"6":{"start":{"line":5,"column":41},"end":{"line":5,"column":73}},"7":{"start":{"line":5,"column":88},"end":{"line":5,"column":98}},"8":{"start":{"line":6,"column":32},"end":{"line":6,"column":149}},"9":{"start":{"line":6,"column":97},"end":{"line":6,"column":119}},"10":{"start":{"line":7,"column":8},"end":{"line":7,"column":78}},"11":{"start":{"line":10,"column":0},"end":{"line":10,"column":62}},"12":{"start":{"line":11,"column":18},"end":{"line":11,"column":36}},"13":{"start":{"line":12,"column":22},"end":{"line":12,"column":54}},"14":{"start":{"line":17,"column":0},"end":{"line":23,"column":3}},"15":{"start":{"line":17,"column":39},"end":{"line":23,"column":2}},"16":{"start":{"line":18,"column":4},"end":{"line":18,"column":56}},"17":{"start":{"line":19,"column":28},"end":{"line":19,"column":78}},"18":{"start":{"line":20,"column":29},"end":{"line":20,"column":65}},"19":{"start":{"line":21,"column":4},"end":{"line":21,"column":64}},"20":{"start":{"line":22,"column":4},"end":{"line":22,"column":31}},"21":{"start":{"line":24,"column":0},"end":{"line":30,"column":3}},"22":{"start":{"line":24,"column":40},"end":{"line":30,"column":2}},"23":{"start":{"line":25,"column":4},"end":{"line":25,"column":56}},"24":{"start":{"line":26,"column":28},"end":{"line":26,"column":78}},"25":{"start":{"line":27,"column":34},"end":{"line":27,"column":62}},"26":{"start":{"line":28,"column":4},"end":{"line":28,"column":60}},"27":{"start":{"line":29,"column":4},"end":{"line":29,"column":27}}},"fnMap":{"0":{"name":"(anonymous_0)","decl":{"start":{"line":2,"column":44},"end":{"line":2,"column":45}},"loc":{"start":{"line":2,"column":89},"end":{"line":9,"column":1}},"line":2},"1":{"name":"(anonymous_1)","decl":{"start":{"line":3,"column":36},"end":{"line":3,"column":37}},"loc":{"start":{"line":3,"column":63},"end":{"line":8,"column":5}},"line":3},"2":{"name":"fulfilled","decl":{"start":{"line":4,"column":17},"end":{"line":4,"column":26}},"loc":{"start":{"line":4,"column":34},"end":{"line":4,"column":99}},"line":4},"3":{"name":"rejected","decl":{"start":{"line":5,"column":17},"end":{"line":5,"column":25}},"loc":{"start":{"line":5,"column":33},"end":{"line":5,"column":102}},"line":5},"4":{"name":"step","decl":{"start":{"line":6,"column":17},"end":{"line":6,"column":21}},"loc":{"start":{"line":6,"column":30},"end":{"line":6,"column":151}},"line":6},"5":{"name":"(anonymous_5)","decl":{"start":{"line":6,"column":76},"end":{"line":6,"column":77}},"loc":{"start":{"line":6,"column":95},"end":{"line":6,"column":121}},"line":6},"6":{"name":"(anonymous_6)","decl":{"start":{"line":17,"column":25},"end":{"line":17,"column":26}},"loc":{"start":{"line":17,"column":39},"end":{"line":23,"column":2}},"line":17},"7":{"name":"(anonymous_7)","decl":{"start":{"line":17,"column":71},"end":{"line":17,"column":72}},"loc":{"start":{"line":17,"column":84},"end":{"line":23,"column":1}},"line":17},"8":{"name":"(anonymous_8)","decl":{"start":{"line":24,"column":26},"end":{"line":24,"column":27}},"loc":{"start":{"line":24,"column":40},"end":{"line":30,"column":2}},"line":24},"9":{"name":"(anonymous_9)","decl":{"start":{"line":24,"column":72},"end":{"line":24,"column":73}},"loc":{"start":{"line":24,"column":85},"end":{"line":30,"column":1}},"line":24}},"branchMap":{"0":{"loc":{"start":{"line":2,"column":16},"end":{"line":9,"column":1}},"type":"binary-expr","locations":[{"start":{"line":2,"column":17},"end":{"line":2,"column":21}},{"start":{"line":2,"column":25},"end":{"line":2,"column":39}},{"start":{"line":2,"column":44},"end":{"line":9,"column":1}}],"line":2},"1":{"loc":{"start":{"line":3,"column":16},"end":{"line":3,"column":34}},"type":"binary-expr","locations":[{"start":{"line":3,"column":16},"end":{"line":3,"column":17}},{"start":{"line":3,"column":22},"end":{"line":3,"column":33}}],"line":3},"2":{"loc":{"start":{"line":6,"column":32},"end":{"line":6,"column":148}},"type":"cond-expr","locations":[{"start":{"line":6,"column":46},"end":{"line":6,"column":67}},{"start":{"line":6,"column":70},"end":{"line":6,"column":148}}],"line":6},"3":{"loc":{"start":{"line":7,"column":51},"end":{"line":7,"column":67}},"type":"binary-expr","locations":[{"start":{"line":7,"column":51},"end":{"line":7,"column":61}},{"start":{"line":7,"column":65},"end":{"line":7,"column":67}}],"line":7}},"s":{"0":2,"1":0,"2":0,"3":0,"4":0,"5":0,"6":0,"7":0,"8":0,"9":0,"10":0,"11":2,"12":2,"13":2,"14":2,"15":0,"16":0,"17":0,"18":0,"19":0,"20":0,"21":2,"22":0,"23":0,"24":0,"25":0,"26":0,"27":0},"f":{"0":0,"1":0,"2":0,"3":0,"4":0,"5":0,"6":0,"7":0,"8":0,"9":0},"b":{"0":[2,2,2],"1":[0,0],"2":[0,0],"3":[0,0]},"inputSourceMap":{"version":3,"file":"activityLog.js","sourceRoot":"","sources":["activityLog.ts"],"names":[],"mappings":"AAAA,YAAY,CAAC;;;;;;;;;;AAIb,qCAAwC;AACxC,uDAAoD;AAIpD;;;GAGG;AACQ,QAAA,cAAc,GAAG,CAAO,GAAY,EAAE,GAAa,EAAE,EAAE;IAEhE,OAAO,CAAC,GAAG,CAAC,IAAI,CAAC,SAAS,CAAC,GAAG,CAAC,IAAI,EAAE,SAAS,EAAE,CAAC,CAAC,CAAC,CAAC;IAEpD,MAAM,eAAe,GAAG,uBAAa,CAAC,yBAAW,CAAC,CAAC;IAEnD,MAAM,gBAAgB,GAAG,MAAM,eAAe,CAAC,IAAI,CAAC,GAAG,CAAC,IAAI,CAAC,CAAC;IAE9D,OAAO,CAAC,GAAG,CAAC,IAAI,CAAC,SAAS,CAAC,gBAAgB,EAAE,SAAS,EAAE,CAAC,CAAC,CAAC,CAAC;IAE5D,GAAG,CAAC,IAAI,CAAC,gBAAgB,CAAC,CAAC;AAC7B,CAAC,CAAA,CAAC;AAES,QAAA,eAAe,GAAG,CAAO,GAAY,EAAE,GAAa,EAAE,EAAE;IAEjE,OAAO,CAAC,GAAG,CAAC,IAAI,CAAC,SAAS,CAAC,GAAG,CAAC,IAAI,EAAE,SAAS,EAAE,CAAC,CAAC,CAAC,CAAC;IAEpD,MAAM,eAAe,GAAG,uBAAa,CAAC,yBAAW,CAAC,CAAC;IAEnD,MAAM,CAAC,YAAY,EAAE,KAAK,CAAC,GAAG,MAAM,eAAe,CAAC,IAAI,EAAE,CAAC;IAE3D,OAAO,CAAC,GAAG,CAAC,IAAI,CAAC,SAAS,CAAC,YAAY,EAAE,SAAS,EAAE,CAAC,CAAC,CAAC,CAAC;IAExD,GAAG,CAAC,IAAI,CAAC,YAAY,CAAC,CAAC;AACzB,CAAC,CAAA,CAAC","sourcesContent":["\"use strict\";\r\n\r\nimport * as async from \"async\";\r\nimport { Response, Request, NextFunction } from \"express\";\r\nimport { getRepository } from \"typeorm\";\r\nimport { ActivityLog } from \"../entity/activitylog\";\r\n\r\n\r\n\r\n/**\r\n * GET /api\r\n * List of API examples.\r\n */\r\nexport let addActivityLog = async (req: Request, res: Response) => {\r\n\r\n  console.log(JSON.stringify(req.body, undefined, 2));\r\n\r\n  const activityLogRepo = getRepository(ActivityLog);\r\n\r\n  const savedActivityLog = await activityLogRepo.save(req.body);\r\n\r\n  console.log(JSON.stringify(savedActivityLog, undefined, 2));\r\n\r\n  res.json(savedActivityLog);\r\n};\r\n\r\nexport let listActivityLog = async (req: Request, res: Response) => {\r\n\r\n  console.log(JSON.stringify(req.body, undefined, 2));\r\n\r\n  const activityLogRepo = getRepository(ActivityLog);\r\n\r\n  const [ActivityLogs, count] = await activityLogRepo.find();\r\n\r\n  console.log(JSON.stringify(ActivityLogs, undefined, 2));\r\n\r\n  res.json(ActivityLogs);\r\n};"]},"_coverageSchema":"332fd63041d2c1bcb487cc26dd0d5f7d97098a6c","hash":"22834a8e2e8be68a965d8f83d517a86f40f3e058"}
,"C:\\workspace\\projects\\delightreading\\delightreading-backend\\src\\controller\\manage.ts": {"path":"C:\\workspace\\projects\\delightreading\\delightreading-backend\\src\\controller\\manage.ts","statementMap":{"0":{"start":{"line":2,"column":0},"end":{"line":2,"column":62}},"1":{"start":{"line":7,"column":0},"end":{"line":9,"column":2}},"2":{"start":{"line":8,"column":4},"end":{"line":8,"column":35}}},"fnMap":{"0":{"name":"(anonymous_0)","decl":{"start":{"line":7,"column":18},"end":{"line":7,"column":19}},"loc":{"start":{"line":7,"column":32},"end":{"line":9,"column":1}},"line":7}},"branchMap":{},"s":{"0":2,"1":2,"2":0},"f":{"0":0},"b":{},"inputSourceMap":{"version":3,"file":"manage.js","sourceRoot":"","sources":["manage.ts"],"names":[],"mappings":"AAAA,YAAY,CAAC;;AAMb;;;GAGG;AACQ,QAAA,OAAO,GAAG,CAAC,GAAY,EAAE,GAAa,EAAE,EAAE;IACnD,GAAG,CAAC,IAAI,CAAC,EAAE,MAAM,EAAE,QAAQ,EAAE,CAAC,CAAC;AACjC,CAAC,CAAC","sourcesContent":["\"use strict\";\r\n\r\nimport * as async from \"async\";\r\nimport { Response, Request, NextFunction } from \"express\";\r\n\r\n\r\n/**\r\n * GET /api\r\n * List of API examples.\r\n */\r\nexport let getInfo = (req: Request, res: Response) => {\r\n  res.json({ server: \"Server\" });\r\n};\r\n"]},"_coverageSchema":"332fd63041d2c1bcb487cc26dd0d5f7d97098a6c","hash":"1822d3c0ca7426930d4453558f8134e879482293"}
,"C:\\workspace\\projects\\delightreading\\delightreading-backend\\src\\controller\\useraccount.ts": {"path":"C:\\workspace\\projects\\delightreading\\delightreading-backend\\src\\controller\\useraccount.ts","statementMap":{"0":{"start":{"line":2,"column":16},"end":{"line":9,"column":1}},"1":{"start":{"line":3,"column":4},"end":{"line":8,"column":7}},"2":{"start":{"line":4,"column":36},"end":{"line":4,"column":97}},"3":{"start":{"line":4,"column":42},"end":{"line":4,"column":70}},"4":{"start":{"line":4,"column":85},"end":{"line":4,"column":95}},"5":{"start":{"line":5,"column":35},"end":{"line":5,"column":100}},"6":{"start":{"line":5,"column":41},"end":{"line":5,"column":73}},"7":{"start":{"line":5,"column":88},"end":{"line":5,"column":98}},"8":{"start":{"line":6,"column":32},"end":{"line":6,"column":149}},"9":{"start":{"line":6,"column":97},"end":{"line":6,"column":119}},"10":{"start":{"line":7,"column":8},"end":{"line":7,"column":78}},"11":{"start":{"line":10,"column":0},"end":{"line":10,"column":62}},"12":{"start":{"line":11,"column":22},"end":{"line":11,"column":55}},"13":{"start":{"line":12,"column":20},"end":{"line":12,"column":51}},"14":{"start":{"line":17,"column":0},"end":{"line":23,"column":3}},"15":{"start":{"line":17,"column":39},"end":{"line":23,"column":2}},"16":{"start":{"line":19,"column":24},"end":{"line":19,"column":68}},"17":{"start":{"line":20,"column":29},"end":{"line":20,"column":64}},"18":{"start":{"line":22,"column":4},"end":{"line":22,"column":31}},"19":{"start":{"line":24,"column":0},"end":{"line":29,"column":3}},"20":{"start":{"line":24,"column":40},"end":{"line":29,"column":2}},"21":{"start":{"line":26,"column":34},"end":{"line":26,"column":58}},"22":{"start":{"line":28,"column":4},"end":{"line":28,"column":27}}},"fnMap":{"0":{"name":"(anonymous_0)","decl":{"start":{"line":2,"column":44},"end":{"line":2,"column":45}},"loc":{"start":{"line":2,"column":89},"end":{"line":9,"column":1}},"line":2},"1":{"name":"(anonymous_1)","decl":{"start":{"line":3,"column":36},"end":{"line":3,"column":37}},"loc":{"start":{"line":3,"column":63},"end":{"line":8,"column":5}},"line":3},"2":{"name":"fulfilled","decl":{"start":{"line":4,"column":17},"end":{"line":4,"column":26}},"loc":{"start":{"line":4,"column":34},"end":{"line":4,"column":99}},"line":4},"3":{"name":"rejected","decl":{"start":{"line":5,"column":17},"end":{"line":5,"column":25}},"loc":{"start":{"line":5,"column":33},"end":{"line":5,"column":102}},"line":5},"4":{"name":"step","decl":{"start":{"line":6,"column":17},"end":{"line":6,"column":21}},"loc":{"start":{"line":6,"column":30},"end":{"line":6,"column":151}},"line":6},"5":{"name":"(anonymous_5)","decl":{"start":{"line":6,"column":76},"end":{"line":6,"column":77}},"loc":{"start":{"line":6,"column":95},"end":{"line":6,"column":121}},"line":6},"6":{"name":"(anonymous_6)","decl":{"start":{"line":17,"column":25},"end":{"line":17,"column":26}},"loc":{"start":{"line":17,"column":39},"end":{"line":23,"column":2}},"line":17},"7":{"name":"(anonymous_7)","decl":{"start":{"line":17,"column":71},"end":{"line":17,"column":72}},"loc":{"start":{"line":17,"column":84},"end":{"line":23,"column":1}},"line":17},"8":{"name":"(anonymous_8)","decl":{"start":{"line":24,"column":26},"end":{"line":24,"column":27}},"loc":{"start":{"line":24,"column":40},"end":{"line":29,"column":2}},"line":24},"9":{"name":"(anonymous_9)","decl":{"start":{"line":24,"column":72},"end":{"line":24,"column":73}},"loc":{"start":{"line":24,"column":85},"end":{"line":29,"column":1}},"line":24}},"branchMap":{"0":{"loc":{"start":{"line":2,"column":16},"end":{"line":9,"column":1}},"type":"binary-expr","locations":[{"start":{"line":2,"column":17},"end":{"line":2,"column":21}},{"start":{"line":2,"column":25},"end":{"line":2,"column":39}},{"start":{"line":2,"column":44},"end":{"line":9,"column":1}}],"line":2},"1":{"loc":{"start":{"line":3,"column":16},"end":{"line":3,"column":34}},"type":"binary-expr","locations":[{"start":{"line":3,"column":16},"end":{"line":3,"column":17}},{"start":{"line":3,"column":22},"end":{"line":3,"column":33}}],"line":3},"2":{"loc":{"start":{"line":6,"column":32},"end":{"line":6,"column":148}},"type":"cond-expr","locations":[{"start":{"line":6,"column":46},"end":{"line":6,"column":67}},{"start":{"line":6,"column":70},"end":{"line":6,"column":148}}],"line":6},"3":{"loc":{"start":{"line":7,"column":51},"end":{"line":7,"column":67}},"type":"binary-expr","locations":[{"start":{"line":7,"column":51},"end":{"line":7,"column":61}},{"start":{"line":7,"column":65},"end":{"line":7,"column":67}}],"line":7}},"s":{"0":2,"1":2,"2":2,"3":2,"4":0,"5":0,"6":0,"7":0,"8":4,"9":2,"10":2,"11":2,"12":2,"13":2,"14":2,"15":1,"16":1,"17":1,"18":1,"19":2,"20":1,"21":1,"22":1},"f":{"0":2,"1":2,"2":2,"3":0,"4":4,"5":2,"6":1,"7":1,"8":1,"9":1},"b":{"0":[2,2,2],"1":[2,2],"2":[2,2],"3":[2,2]},"inputSourceMap":{"version":3,"file":"useraccount.js","sourceRoot":"","sources":["useraccount.ts"],"names":[],"mappings":"AAAA,YAAY,CAAC;;;;;;;;;;AAMb,wDAAqD;AAErD,MAAM,WAAW,GAAI,IAAI,yBAAW,EAAE,CAAC;AAEvC;;;GAGG;AACQ,QAAA,cAAc,GAAG,CAAO,GAAY,EAAE,GAAa,EAAE,EAAE;IAEhE,uDAAuD;IAEvD,MAAM,WAAW,GAAG,WAAW,CAAC,sBAAsB,CAAC,GAAG,CAAC,IAAI,CAAC,CAAC;IACjE,MAAM,gBAAgB,GAAG,MAAM,WAAW,CAAC,IAAI,CAAC,WAAW,CAAC,CAAC;IAE7D,+DAA+D;IAE/D,GAAG,CAAC,IAAI,CAAC,gBAAgB,CAAC,CAAC;AAC7B,CAAC,CAAA,CAAC;AAES,QAAA,eAAe,GAAG,CAAO,GAAY,EAAE,GAAa,EAAE,EAAE;IAEjE,uDAAuD;IAEvD,MAAM,CAAC,YAAY,EAAE,KAAK,CAAC,GAAG,MAAM,WAAW,CAAC,IAAI,EAAE,CAAC;IAEvD,2DAA2D;IAE3D,GAAG,CAAC,IAAI,CAAC,YAAY,CAAC,CAAC;AACzB,CAAC,CAAA,CAAC","sourcesContent":["\"use strict\";\r\n\r\nimport * as async from \"async\";\r\nimport { Response, Request, NextFunction } from \"express\";\r\nimport { getRepository } from \"typeorm\";\r\nimport { UserAccount } from \"../entity/UserAccount\";\r\nimport { UserService } from \"../service/UserService\";\r\n\r\nconst userService =  new UserService();\r\n\r\n/**\r\n * GET /api\r\n * List of API examples.\r\n */\r\nexport let addUserAccount = async (req: Request, res: Response) => {\r\n\r\n  // console.log(JSON.stringify(req.body, undefined, 2));\r\n\r\n  const userAccount = userService.createEntityFromObject(req.body);\r\n  const savedUserAccount = await userService.save(userAccount);\r\n\r\n  // console.log(JSON.stringify(savedUserAccount, undefined, 2));\r\n\r\n  res.json(savedUserAccount);\r\n};\r\n\r\nexport let listUserAccount = async (req: Request, res: Response) => {\r\n\r\n  // console.log(JSON.stringify(req.body, undefined, 2));\r\n\r\n  const [userAccounts, count] = await userService.list();\r\n\r\n  // console.log(JSON.stringify(userAccounts, undefined, 2));\r\n\r\n  res.json(userAccounts);\r\n};"]},"_coverageSchema":"332fd63041d2c1bcb487cc26dd0d5f7d97098a6c","hash":"0cfaf26808af5e7c04188d307e81830c630611ef"}
,"C:\\workspace\\projects\\delightreading\\delightreading-backend\\src\\entity\\EntityBase.ts": {"path":"C:\\workspace\\projects\\delightreading\\delightreading-backend\\src\\entity\\EntityBase.ts","statementMap":{"0":{"start":{"line":2,"column":17},"end":{"line":7,"column":1}},"1":{"start":{"line":3,"column":12},"end":{"line":3,"column":28}},"2":{"start":{"line":3,"column":34},"end":{"line":3,"column":125}},"3":{"start":{"line":4,"column":4},"end":{"line":5,"column":150}},"4":{"start":{"line":4,"column":79},"end":{"line":4,"column":131}},"5":{"start":{"line":5,"column":9},"end":{"line":5,"column":150}},"6":{"start":{"line":5,"column":58},"end":{"line":5,"column":150}},"7":{"start":{"line":5,"column":81},"end":{"line":5,"column":150}},"8":{"start":{"line":6,"column":4},"end":{"line":6,"column":66}},"9":{"start":{"line":8,"column":17},"end":{"line":10,"column":1}},"10":{"start":{"line":9,"column":4},"end":{"line":9,"column":109}},"11":{"start":{"line":9,"column":79},"end":{"line":9,"column":109}},"12":{"start":{"line":11,"column":0},"end":{"line":11,"column":62}},"13":{"start":{"line":12,"column":18},"end":{"line":12,"column":36}},"14":{"start":{"line":16,"column":0},"end":{"line":19,"column":40}},"15":{"start":{"line":20,"column":0},"end":{"line":26,"column":40}},"16":{"start":{"line":27,"column":0},"end":{"line":34,"column":43}},"17":{"start":{"line":35,"column":0},"end":{"line":42,"column":46}},"18":{"start":{"line":43,"column":0},"end":{"line":49,"column":46}},"19":{"start":{"line":50,"column":0},"end":{"line":56,"column":46}},"20":{"start":{"line":57,"column":0},"end":{"line":63,"column":46}},"21":{"start":{"line":64,"column":0},"end":{"line":64,"column":32}}},"fnMap":{"0":{"name":"(anonymous_0)","decl":{"start":{"line":2,"column":46},"end":{"line":2,"column":47}},"loc":{"start":{"line":2,"column":87},"end":{"line":7,"column":1}},"line":2},"1":{"name":"(anonymous_1)","decl":{"start":{"line":8,"column":46},"end":{"line":8,"column":47}},"loc":{"start":{"line":8,"column":62},"end":{"line":10,"column":1}},"line":8}},"branchMap":{"0":{"loc":{"start":{"line":2,"column":17},"end":{"line":7,"column":1}},"type":"binary-expr","locations":[{"start":{"line":2,"column":18},"end":{"line":2,"column":22}},{"start":{"line":2,"column":26},"end":{"line":2,"column":41}},{"start":{"line":2,"column":46},"end":{"line":7,"column":1}}],"line":2},"1":{"loc":{"start":{"line":3,"column":34},"end":{"line":3,"column":125}},"type":"cond-expr","locations":[{"start":{"line":3,"column":42},"end":{"line":3,"column":48}},{"start":{"line":3,"column":51},"end":{"line":3,"column":125}}],"line":3},"2":{"loc":{"start":{"line":3,"column":51},"end":{"line":3,"column":125}},"type":"cond-expr","locations":[{"start":{"line":3,"column":67},"end":{"line":3,"column":118}},{"start":{"line":3,"column":121},"end":{"line":3,"column":125}}],"line":3},"3":{"loc":{"start":{"line":4,"column":4},"end":{"line":5,"column":150}},"type":"if","locations":[{"start":{"line":4,"column":4},"end":{"line":5,"column":150}},{"start":{"line":4,"column":4},"end":{"line":5,"column":150}}],"line":4},"4":{"loc":{"start":{"line":4,"column":8},"end":{"line":4,"column":77}},"type":"binary-expr","locations":[{"start":{"line":4,"column":8},"end":{"line":4,"column":35}},{"start":{"line":4,"column":39},"end":{"line":4,"column":77}}],"line":4},"5":{"loc":{"start":{"line":5,"column":58},"end":{"line":5,"column":150}},"type":"if","locations":[{"start":{"line":5,"column":58},"end":{"line":5,"column":150}},{"start":{"line":5,"column":58},"end":{"line":5,"column":150}}],"line":5},"6":{"loc":{"start":{"line":5,"column":85},"end":{"line":5,"column":149}},"type":"binary-expr","locations":[{"start":{"line":5,"column":86},"end":{"line":5,"column":143}},{"start":{"line":5,"column":148},"end":{"line":5,"column":149}}],"line":5},"7":{"loc":{"start":{"line":5,"column":86},"end":{"line":5,"column":143}},"type":"cond-expr","locations":[{"start":{"line":5,"column":94},"end":{"line":5,"column":98}},{"start":{"line":5,"column":101},"end":{"line":5,"column":143}}],"line":5},"8":{"loc":{"start":{"line":5,"column":101},"end":{"line":5,"column":143}},"type":"cond-expr","locations":[{"start":{"line":5,"column":109},"end":{"line":5,"column":126}},{"start":{"line":5,"column":129},"end":{"line":5,"column":143}}],"line":5},"9":{"loc":{"start":{"line":6,"column":11},"end":{"line":6,"column":62}},"type":"binary-expr","locations":[{"start":{"line":6,"column":11},"end":{"line":6,"column":16}},{"start":{"line":6,"column":20},"end":{"line":6,"column":21}},{"start":{"line":6,"column":25},"end":{"line":6,"column":62}}],"line":6},"10":{"loc":{"start":{"line":8,"column":17},"end":{"line":10,"column":1}},"type":"binary-expr","locations":[{"start":{"line":8,"column":18},"end":{"line":8,"column":22}},{"start":{"line":8,"column":26},"end":{"line":8,"column":41}},{"start":{"line":8,"column":46},"end":{"line":10,"column":1}}],"line":8},"11":{"loc":{"start":{"line":9,"column":4},"end":{"line":9,"column":109}},"type":"if","locations":[{"start":{"line":9,"column":4},"end":{"line":9,"column":109}},{"start":{"line":9,"column":4},"end":{"line":9,"column":109}}],"line":9},"12":{"loc":{"start":{"line":9,"column":8},"end":{"line":9,"column":77}},"type":"binary-expr","locations":[{"start":{"line":9,"column":8},"end":{"line":9,"column":35}},{"start":{"line":9,"column":39},"end":{"line":9,"column":77}}],"line":9}},"s":{"0":3,"1":21,"2":21,"3":21,"4":0,"5":21,"6":42,"7":21,"8":21,"9":3,"10":21,"11":0,"12":3,"13":3,"14":3,"15":3,"16":3,"17":3,"18":3,"19":3,"20":3,"21":3},"f":{"0":21,"1":21},"b":{"0":[3,3,3],"1":[0,21],"2":[0,21],"3":[0,21],"4":[21,21],"5":[21,21],"6":[21,21],"7":[0,21],"8":[21,0],"9":[21,21,0],"10":[3,3,3],"11":[0,21],"12":[21,21]},"inputSourceMap":{"version":3,"file":"EntityBase.js","sourceRoot":"","sources":["EntityBase.ts"],"names":[],"mappings":";;;;;;;;;;;AAAA,qCAA2F;AAE3F,sDAAsD;AACtD;CA2CC;AAxCG;IADC,gCAAsB,EAAE;;uCACZ;AAMb;IAJC,gBAAM,CAAC;QACJ,IAAI,EAAE,SAAS;QACf,MAAM,EAAE,EAAE;KACb,CAAC;;uCACW;AAOb;IALC,gBAAM,CAAC;QACJ,IAAI,EAAE,SAAS;QACf,MAAM,EAAE,EAAE;QACV,QAAQ,EAAE,IAAI;KACjB,CAAC;;0CACc;AAOhB;IALC,gBAAM,CAAC;QACJ,IAAI,EAAE,WAAW;QACjB,IAAI,EAAE,WAAW;QACjB,QAAQ,EAAE,IAAI;KACjB,CAAC;;6CACc;AAMhB;IAJC,gBAAM,CAAC;QACJ,IAAI,EAAE,QAAQ;QACd,QAAQ,EAAE,IAAI;KACjB,CAAC;;6CACiB;AAMnB;IAJC,gBAAM,CAAC;QACJ,IAAI,EAAE,WAAW;QACjB,QAAQ,EAAE,IAAI;KACjB,CAAC;;6CACe;AAMjB;IAJC,gBAAM,CAAC;QACJ,IAAI,EAAE,QAAQ;QACd,QAAQ,EAAE,IAAI;KACjB,CAAC;;6CACiB;AAzCvB,gCA2CC","sourcesContent":["import { Entity, PrimaryGeneratedColumn, Column, PrimaryColumn, Generated } from \"typeorm\";\r\n\r\n// @see https://github.com/typeorm/typeorm/issues/1151\r\nexport class EntityBase {\r\n\r\n    @PrimaryGeneratedColumn()\r\n    sid?: number;\r\n\r\n    @Column({\r\n        type: \"varchar\",\r\n        length: 80\r\n    })\r\n    uid?: string;\r\n\r\n    @Column({\r\n        type: \"varchar\",\r\n        length: 12,\r\n        nullable: true\r\n    })\r\n    status?: string;\r\n\r\n    @Column({\r\n        type: \"timestamp\",\r\n        name: \"createdat\",\r\n        nullable: true\r\n    })\r\n    createdAt: Date;\r\n\r\n    @Column({\r\n        type: \"bigint\",\r\n        nullable: true\r\n    })\r\n    createdBy?: number;\r\n\r\n    @Column({\r\n        type: \"timestamp\",\r\n        nullable: true\r\n    })\r\n    updatedAt?: Date;\r\n\r\n    @Column({\r\n        type: \"bigint\",\r\n        nullable: true\r\n    })\r\n    updatedBy?: number;\r\n\r\n}\r\n"]},"_coverageSchema":"332fd63041d2c1bcb487cc26dd0d5f7d97098a6c","hash":"4524d85789da4b63fc013c720b3edba3fb7160c2"}
,"C:\\workspace\\projects\\delightreading\\delightreading-backend\\src\\entity\\UserAccount.ts": {"path":"C:\\workspace\\projects\\delightreading\\delightreading-backend\\src\\entity\\UserAccount.ts","statementMap":{"0":{"start":{"line":2,"column":17},"end":{"line":7,"column":1}},"1":{"start":{"line":3,"column":12},"end":{"line":3,"column":28}},"2":{"start":{"line":3,"column":34},"end":{"line":3,"column":125}},"3":{"start":{"line":4,"column":4},"end":{"line":5,"column":150}},"4":{"start":{"line":4,"column":79},"end":{"line":4,"column":131}},"5":{"start":{"line":5,"column":9},"end":{"line":5,"column":150}},"6":{"start":{"line":5,"column":58},"end":{"line":5,"column":150}},"7":{"start":{"line":5,"column":81},"end":{"line":5,"column":150}},"8":{"start":{"line":6,"column":4},"end":{"line":6,"column":66}},"9":{"start":{"line":8,"column":17},"end":{"line":10,"column":1}},"10":{"start":{"line":9,"column":4},"end":{"line":9,"column":109}},"11":{"start":{"line":9,"column":79},"end":{"line":9,"column":109}},"12":{"start":{"line":11,"column":0},"end":{"line":11,"column":62}},"13":{"start":{"line":12,"column":18},"end":{"line":12,"column":36}},"14":{"start":{"line":13,"column":21},"end":{"line":13,"column":44}},"15":{"start":{"line":14,"column":18},"end":{"line":15,"column":1}},"16":{"start":{"line":16,"column":0},"end":{"line":22,"column":46}},"17":{"start":{"line":23,"column":0},"end":{"line":29,"column":46}},"18":{"start":{"line":30,"column":0},"end":{"line":36,"column":47}},"19":{"start":{"line":37,"column":0},"end":{"line":44,"column":48}},"20":{"start":{"line":45,"column":0},"end":{"line":52,"column":48}},"21":{"start":{"line":53,"column":0},"end":{"line":59,"column":49}},"22":{"start":{"line":60,"column":0},"end":{"line":67,"column":48}},"23":{"start":{"line":68,"column":0},"end":{"line":75,"column":44}},"24":{"start":{"line":76,"column":0},"end":{"line":83,"column":46}},"25":{"start":{"line":84,"column":0},"end":{"line":90,"column":48}},"26":{"start":{"line":91,"column":0},"end":{"line":97,"column":49}},"27":{"start":{"line":98,"column":0},"end":{"line":105,"column":56}},"28":{"start":{"line":106,"column":0},"end":{"line":112,"column":58}},"29":{"start":{"line":113,"column":0},"end":{"line":115,"column":16}},"30":{"start":{"line":116,"column":0},"end":{"line":116,"column":34}}},"fnMap":{"0":{"name":"(anonymous_0)","decl":{"start":{"line":2,"column":46},"end":{"line":2,"column":47}},"loc":{"start":{"line":2,"column":87},"end":{"line":7,"column":1}},"line":2},"1":{"name":"(anonymous_1)","decl":{"start":{"line":8,"column":46},"end":{"line":8,"column":47}},"loc":{"start":{"line":8,"column":62},"end":{"line":10,"column":1}},"line":8}},"branchMap":{"0":{"loc":{"start":{"line":2,"column":17},"end":{"line":7,"column":1}},"type":"binary-expr","locations":[{"start":{"line":2,"column":18},"end":{"line":2,"column":22}},{"start":{"line":2,"column":26},"end":{"line":2,"column":41}},{"start":{"line":2,"column":46},"end":{"line":7,"column":1}}],"line":2},"1":{"loc":{"start":{"line":3,"column":34},"end":{"line":3,"column":125}},"type":"cond-expr","locations":[{"start":{"line":3,"column":42},"end":{"line":3,"column":48}},{"start":{"line":3,"column":51},"end":{"line":3,"column":125}}],"line":3},"2":{"loc":{"start":{"line":3,"column":51},"end":{"line":3,"column":125}},"type":"cond-expr","locations":[{"start":{"line":3,"column":67},"end":{"line":3,"column":118}},{"start":{"line":3,"column":121},"end":{"line":3,"column":125}}],"line":3},"3":{"loc":{"start":{"line":4,"column":4},"end":{"line":5,"column":150}},"type":"if","locations":[{"start":{"line":4,"column":4},"end":{"line":5,"column":150}},{"start":{"line":4,"column":4},"end":{"line":5,"column":150}}],"line":4},"4":{"loc":{"start":{"line":4,"column":8},"end":{"line":4,"column":77}},"type":"binary-expr","locations":[{"start":{"line":4,"column":8},"end":{"line":4,"column":35}},{"start":{"line":4,"column":39},"end":{"line":4,"column":77}}],"line":4},"5":{"loc":{"start":{"line":5,"column":58},"end":{"line":5,"column":150}},"type":"if","locations":[{"start":{"line":5,"column":58},"end":{"line":5,"column":150}},{"start":{"line":5,"column":58},"end":{"line":5,"column":150}}],"line":5},"6":{"loc":{"start":{"line":5,"column":85},"end":{"line":5,"column":149}},"type":"binary-expr","locations":[{"start":{"line":5,"column":86},"end":{"line":5,"column":143}},{"start":{"line":5,"column":148},"end":{"line":5,"column":149}}],"line":5},"7":{"loc":{"start":{"line":5,"column":86},"end":{"line":5,"column":143}},"type":"cond-expr","locations":[{"start":{"line":5,"column":94},"end":{"line":5,"column":98}},{"start":{"line":5,"column":101},"end":{"line":5,"column":143}}],"line":5},"8":{"loc":{"start":{"line":5,"column":101},"end":{"line":5,"column":143}},"type":"cond-expr","locations":[{"start":{"line":5,"column":109},"end":{"line":5,"column":126}},{"start":{"line":5,"column":129},"end":{"line":5,"column":143}}],"line":5},"9":{"loc":{"start":{"line":6,"column":11},"end":{"line":6,"column":62}},"type":"binary-expr","locations":[{"start":{"line":6,"column":11},"end":{"line":6,"column":16}},{"start":{"line":6,"column":20},"end":{"line":6,"column":21}},{"start":{"line":6,"column":25},"end":{"line":6,"column":62}}],"line":6},"10":{"loc":{"start":{"line":8,"column":17},"end":{"line":10,"column":1}},"type":"binary-expr","locations":[{"start":{"line":8,"column":18},"end":{"line":8,"column":22}},{"start":{"line":8,"column":26},"end":{"line":8,"column":41}},{"start":{"line":8,"column":46},"end":{"line":10,"column":1}}],"line":8},"11":{"loc":{"start":{"line":9,"column":4},"end":{"line":9,"column":109}},"type":"if","locations":[{"start":{"line":9,"column":4},"end":{"line":9,"column":109}},{"start":{"line":9,"column":4},"end":{"line":9,"column":109}}],"line":9},"12":{"loc":{"start":{"line":9,"column":8},"end":{"line":9,"column":77}},"type":"binary-expr","locations":[{"start":{"line":9,"column":8},"end":{"line":9,"column":35}},{"start":{"line":9,"column":39},"end":{"line":9,"column":77}}],"line":9}},"s":{"0":2,"1":28,"2":28,"3":28,"4":0,"5":28,"6":54,"7":28,"8":28,"9":2,"10":26,"11":0,"12":2,"13":2,"14":2,"15":2,"16":2,"17":2,"18":2,"19":2,"20":2,"21":2,"22":2,"23":2,"24":2,"25":2,"26":2,"27":2,"28":2,"29":2,"30":2},"f":{"0":28,"1":26},"b":{"0":[2,2,2],"1":[2,26],"2":[0,26],"3":[0,28],"4":[28,28],"5":[28,26],"6":[28,28],"7":[2,26],"8":[26,0],"9":[28,26,0],"10":[2,2,2],"11":[0,26],"12":[26,26]},"inputSourceMap":{"version":3,"file":"UserAccount.js","sourceRoot":"","sources":["UserAccount.ts"],"names":[],"mappings":";;;;;;;;;;;AAAA,qCAA2F;AAC3F,6CAA0C;AAG1C,IAAa,WAAW,GAAxB,iBAAyB,SAAQ,uBAAU;CAsF1C,CAAA;AAhFG;IAJC,gBAAM,CAAC;QACJ,IAAI,EAAE,SAAS;QACf,MAAM,EAAE,EAAE;KACb,CAAC;;6CACe;AAMjB;IAJC,gBAAM,CAAC;QACJ,IAAI,EAAE,SAAS;QACf,MAAM,EAAE,EAAE;KACb,CAAC;;6CACe;AAMjB;IAJC,gBAAM,CAAC;QACJ,IAAI,EAAE,SAAS;QACf,MAAM,EAAE,EAAE;KACb,CAAC;;8CACgB;AAOlB;IALC,gBAAM,CAAC;QACJ,IAAI,EAAE,SAAS;QACf,MAAM,EAAE,EAAE;QACV,QAAQ,EAAE,IAAI;KACjB,CAAC;;+CACkB;AAOpB;IALC,gBAAM,CAAC;QACJ,IAAI,EAAE,SAAS;QACf,MAAM,EAAE,EAAE;QACV,QAAQ,EAAE,IAAI;KACjB,CAAC;;+CACkB;AAMpB;IAJC,gBAAM,CAAC;QACJ,IAAI,EAAE,MAAM;QACZ,QAAQ,EAAE,IAAI;KACjB,CAAC;;gDACiB;AAOnB;IALC,gBAAM,CAAC;QACJ,IAAI,EAAE,SAAS;QACf,MAAM,EAAE,GAAG;QACX,QAAQ,EAAE,IAAI;KACjB,CAAC;;+CACkB;AAOpB;IALC,gBAAM,CAAC;QACJ,IAAI,EAAE,SAAS;QACf,MAAM,EAAE,EAAE;QACV,QAAQ,EAAE,IAAI;KACjB,CAAC;;2CACc;AAOhB;IALC,gBAAM,CAAC;QACJ,IAAI,EAAE,SAAS;QACf,MAAM,EAAE,EAAE;QACV,QAAQ,EAAE,IAAI;KACjB,CAAC;;6CACgB;AAMlB;IAJC,gBAAM,CAAC;QACJ,IAAI,EAAE,KAAK;QACX,QAAQ,EAAE,IAAI;KACjB,CAAC;;+CACkB;AAMpB;IAJC,gBAAM,CAAC;QACJ,IAAI,EAAE,MAAM;QACZ,QAAQ,EAAE,IAAI;KACjB,CAAC;;gDACoB;AAOtB;IALC,gBAAM,CAAC;QACJ,IAAI,EAAE,SAAS;QACf,MAAM,EAAE,EAAE;QACV,QAAQ,EAAE,IAAI;KACjB,CAAC;;uDAC0B;AAM5B;IAJC,gBAAM,CAAC;QACJ,IAAI,EAAE,WAAW;QACjB,QAAQ,EAAE,IAAI;KACjB,CAAC;;yDAC0B;AApFnB,WAAW;IADvB,gBAAM,CAAC,cAAc,CAAC;GACV,WAAW,CAsFvB;AAtFY,kCAAW","sourcesContent":["import { Entity, PrimaryGeneratedColumn, Column, PrimaryColumn, Generated } from \"typeorm\";\r\nimport { EntityBase } from \"./EntityBase\";\r\n\r\n@Entity(\"user_account\")\r\nexport class UserAccount extends EntityBase {\r\n\r\n    @Column({\r\n        type: \"varchar\",\r\n        length: 64\r\n    })\r\n    username: string;\r\n\r\n    @Column({\r\n        type: \"varchar\",\r\n        length: 64\r\n    })\r\n    password: string;\r\n\r\n    @Column({\r\n        type: \"varchar\",\r\n        length: 64\r\n    })\r\n    givenName: string;\r\n\r\n    @Column({\r\n        type: \"varchar\",\r\n        length: 64,\r\n        nullable: true\r\n    })\r\n    familyName?: string;\r\n\r\n    @Column({\r\n        type: \"varchar\",\r\n        length: 64,\r\n        nullable: true\r\n    })\r\n    middleName?: string;\r\n\r\n    @Column({\r\n        type: \"date\",\r\n        nullable: true\r\n    })\r\n    dateOfBirth?: Date;\r\n\r\n    @Column({\r\n        type: \"varchar\",\r\n        length: 255,\r\n        nullable: true\r\n    })\r\n    pictureUri?: string;\r\n\r\n    @Column({\r\n        type: \"varchar\",\r\n        length: 12,\r\n        nullable: true\r\n    })\r\n    locale?: string;\r\n\r\n    @Column({\r\n        type: \"varchar\",\r\n        length: 20,\r\n        nullable: true\r\n    })\r\n    timezone?: string;\r\n\r\n    @Column({\r\n        type: \"int\",\r\n        nullable: true\r\n    })\r\n    timeoffset?: number;\r\n\r\n    @Column({\r\n        type: \"bool\",\r\n        nullable: true\r\n    })\r\n    verifiedInd?: boolean;\r\n\r\n    @Column({\r\n        type: \"varchar\",\r\n        length: 32,\r\n        nullable: true\r\n    })\r\n    passwordResetToken?: string;\r\n\r\n    @Column({\r\n        type: \"timestamp\",\r\n        nullable: true\r\n    })\r\n    passwordResetExpires?: Date;\r\n\r\n}\r\n"]},"_coverageSchema":"332fd63041d2c1bcb487cc26dd0d5f7d97098a6c","hash":"dfa49212cbaedcbf05f34503a09677168aa8497c"}
,"C:\\workspace\\projects\\delightreading\\delightreading-backend\\src\\entity\\activitylog.ts": {"path":"C:\\workspace\\projects\\delightreading\\delightreading-backend\\src\\entity\\activitylog.ts","statementMap":{"0":{"start":{"line":2,"column":17},"end":{"line":7,"column":1}},"1":{"start":{"line":3,"column":12},"end":{"line":3,"column":28}},"2":{"start":{"line":3,"column":34},"end":{"line":3,"column":125}},"3":{"start":{"line":4,"column":4},"end":{"line":5,"column":150}},"4":{"start":{"line":4,"column":79},"end":{"line":4,"column":131}},"5":{"start":{"line":5,"column":9},"end":{"line":5,"column":150}},"6":{"start":{"line":5,"column":58},"end":{"line":5,"column":150}},"7":{"start":{"line":5,"column":81},"end":{"line":5,"column":150}},"8":{"start":{"line":6,"column":4},"end":{"line":6,"column":66}},"9":{"start":{"line":8,"column":17},"end":{"line":10,"column":1}},"10":{"start":{"line":9,"column":4},"end":{"line":9,"column":109}},"11":{"start":{"line":9,"column":79},"end":{"line":9,"column":109}},"12":{"start":{"line":11,"column":0},"end":{"line":11,"column":62}},"13":{"start":{"line":12,"column":18},"end":{"line":12,"column":36}},"14":{"start":{"line":13,"column":21},"end":{"line":13,"column":44}},"15":{"start":{"line":14,"column":18},"end":{"line":15,"column":1}},"16":{"start":{"line":16,"column":0},"end":{"line":21,"column":45}},"17":{"start":{"line":22,"column":0},"end":{"line":28,"column":46}},"18":{"start":{"line":29,"column":0},"end":{"line":34,"column":50}},"19":{"start":{"line":35,"column":0},"end":{"line":42,"column":46}},"20":{"start":{"line":43,"column":0},"end":{"line":49,"column":47}},"21":{"start":{"line":50,"column":0},"end":{"line":57,"column":49}},"22":{"start":{"line":58,"column":0},"end":{"line":64,"column":46}},"23":{"start":{"line":65,"column":0},"end":{"line":71,"column":55}},"24":{"start":{"line":72,"column":0},"end":{"line":74,"column":16}},"25":{"start":{"line":75,"column":0},"end":{"line":75,"column":34}}},"fnMap":{"0":{"name":"(anonymous_0)","decl":{"start":{"line":2,"column":46},"end":{"line":2,"column":47}},"loc":{"start":{"line":2,"column":87},"end":{"line":7,"column":1}},"line":2},"1":{"name":"(anonymous_1)","decl":{"start":{"line":8,"column":46},"end":{"line":8,"column":47}},"loc":{"start":{"line":8,"column":62},"end":{"line":10,"column":1}},"line":8}},"branchMap":{"0":{"loc":{"start":{"line":2,"column":17},"end":{"line":7,"column":1}},"type":"binary-expr","locations":[{"start":{"line":2,"column":18},"end":{"line":2,"column":22}},{"start":{"line":2,"column":26},"end":{"line":2,"column":41}},{"start":{"line":2,"column":46},"end":{"line":7,"column":1}}],"line":2},"1":{"loc":{"start":{"line":3,"column":34},"end":{"line":3,"column":125}},"type":"cond-expr","locations":[{"start":{"line":3,"column":42},"end":{"line":3,"column":48}},{"start":{"line":3,"column":51},"end":{"line":3,"column":125}}],"line":3},"2":{"loc":{"start":{"line":3,"column":51},"end":{"line":3,"column":125}},"type":"cond-expr","locations":[{"start":{"line":3,"column":67},"end":{"line":3,"column":118}},{"start":{"line":3,"column":121},"end":{"line":3,"column":125}}],"line":3},"3":{"loc":{"start":{"line":4,"column":4},"end":{"line":5,"column":150}},"type":"if","locations":[{"start":{"line":4,"column":4},"end":{"line":5,"column":150}},{"start":{"line":4,"column":4},"end":{"line":5,"column":150}}],"line":4},"4":{"loc":{"start":{"line":4,"column":8},"end":{"line":4,"column":77}},"type":"binary-expr","locations":[{"start":{"line":4,"column":8},"end":{"line":4,"column":35}},{"start":{"line":4,"column":39},"end":{"line":4,"column":77}}],"line":4},"5":{"loc":{"start":{"line":5,"column":58},"end":{"line":5,"column":150}},"type":"if","locations":[{"start":{"line":5,"column":58},"end":{"line":5,"column":150}},{"start":{"line":5,"column":58},"end":{"line":5,"column":150}}],"line":5},"6":{"loc":{"start":{"line":5,"column":85},"end":{"line":5,"column":149}},"type":"binary-expr","locations":[{"start":{"line":5,"column":86},"end":{"line":5,"column":143}},{"start":{"line":5,"column":148},"end":{"line":5,"column":149}}],"line":5},"7":{"loc":{"start":{"line":5,"column":86},"end":{"line":5,"column":143}},"type":"cond-expr","locations":[{"start":{"line":5,"column":94},"end":{"line":5,"column":98}},{"start":{"line":5,"column":101},"end":{"line":5,"column":143}}],"line":5},"8":{"loc":{"start":{"line":5,"column":101},"end":{"line":5,"column":143}},"type":"cond-expr","locations":[{"start":{"line":5,"column":109},"end":{"line":5,"column":126}},{"start":{"line":5,"column":129},"end":{"line":5,"column":143}}],"line":5},"9":{"loc":{"start":{"line":6,"column":11},"end":{"line":6,"column":62}},"type":"binary-expr","locations":[{"start":{"line":6,"column":11},"end":{"line":6,"column":16}},{"start":{"line":6,"column":20},"end":{"line":6,"column":21}},{"start":{"line":6,"column":25},"end":{"line":6,"column":62}}],"line":6},"10":{"loc":{"start":{"line":8,"column":17},"end":{"line":10,"column":1}},"type":"binary-expr","locations":[{"start":{"line":8,"column":18},"end":{"line":8,"column":22}},{"start":{"line":8,"column":26},"end":{"line":8,"column":41}},{"start":{"line":8,"column":46},"end":{"line":10,"column":1}}],"line":8},"11":{"loc":{"start":{"line":9,"column":4},"end":{"line":9,"column":109}},"type":"if","locations":[{"start":{"line":9,"column":4},"end":{"line":9,"column":109}},{"start":{"line":9,"column":4},"end":{"line":9,"column":109}}],"line":9},"12":{"loc":{"start":{"line":9,"column":8},"end":{"line":9,"column":77}},"type":"binary-expr","locations":[{"start":{"line":9,"column":8},"end":{"line":9,"column":35}},{"start":{"line":9,"column":39},"end":{"line":9,"column":77}}],"line":9}},"s":{"0":3,"1":27,"2":27,"3":27,"4":0,"5":27,"6":51,"7":27,"8":27,"9":3,"10":24,"11":0,"12":3,"13":3,"14":3,"15":3,"16":3,"17":3,"18":3,"19":3,"20":3,"21":3,"22":3,"23":3,"24":3,"25":3},"f":{"0":27,"1":24},"b":{"0":[3,3,3],"1":[3,24],"2":[0,24],"3":[0,27],"4":[27,27],"5":[27,24],"6":[27,27],"7":[3,24],"8":[24,0],"9":[27,24,0],"10":[3,3,3],"11":[0,24],"12":[24,24]},"inputSourceMap":{"version":3,"file":"activitylog.js","sourceRoot":"","sources":["activitylog.ts"],"names":[],"mappings":";;;;;;;;;;;AAAA,qCAA2F;AAC3F,6CAA0C;AAG1C,IAAa,WAAW,GAAxB,iBAAyB,SAAQ,uBAAU;CAiD1C,CAAA;AA5CG;IAHC,gBAAM,CAAC;QACJ,IAAI,EAAE,QAAQ;KACjB,CAAC;;4CACc;AAMhB;IAJC,gBAAM,CAAC;QACJ,IAAI,EAAE,SAAS;QACf,MAAM,EAAE,EAAE;KACb,CAAC;;6CACe;AAKjB;IAHC,gBAAM,CAAC;QACJ,IAAI,EAAE,WAAW;KACpB,CAAC;;iDACiB;AAOnB;IALC,gBAAM,CAAC;QACJ,IAAI,EAAE,SAAS;QACf,SAAS,EAAE,CAAC;QACZ,KAAK,EAAE,CAAC;KACX,CAAC;;6CACe;AAMjB;IAJC,gBAAM,CAAC;QACJ,IAAI,EAAE,MAAM;QACZ,QAAQ,EAAE,IAAI;KACjB,CAAC;;8CACiB;AAOnB;IALC,gBAAM,CAAC;QACJ,IAAI,EAAE,SAAS;QACf,MAAM,EAAE,GAAG;QACX,QAAQ,EAAE,IAAI;KACjB,CAAC;;gDACmB;AAMrB;IAJC,gBAAM,CAAC;QACJ,IAAI,EAAE,MAAM;QACZ,QAAQ,EAAE,IAAI;KACjB,CAAC;;6CACgB;AAMlB;IAJC,gBAAM,CAAC;QACJ,IAAI,EAAE,QAAQ;QACd,QAAQ,EAAE,IAAI;KACjB,CAAC;;sDACyB;AAhDlB,WAAW;IADvB,gBAAM,CAAC,cAAc,CAAC;GACV,WAAW,CAiDvB;AAjDY,kCAAW","sourcesContent":["import { Entity, PrimaryGeneratedColumn, Column, PrimaryColumn, Generated } from \"typeorm\";\r\nimport { EntityBase } from \"./EntityBase\";\r\n\r\n@Entity(\"activity_log\")\r\nexport class ActivityLog extends EntityBase {\r\n\r\n    @Column({\r\n        type: \"bigint\"\r\n    })\r\n    goalSid: number;\r\n\r\n    @Column({\r\n        type: \"varchar\",\r\n        length: 64\r\n    })\r\n    activity: string;\r\n\r\n    @Column({\r\n        type: \"timestamp\"\r\n    })\r\n    logTimestamp: Date;\r\n\r\n    @Column({\r\n        type: \"decimal\",\r\n        precision: 6,\r\n        scale: 3\r\n    })\r\n    quantity: number;\r\n\r\n    @Column({\r\n        type: \"text\",\r\n        nullable: true\r\n    })\r\n    situation?: string;\r\n\r\n    @Column({\r\n        type: \"varchar\",\r\n        length: 256,\r\n        nullable: true\r\n    })\r\n    feedContext?: string;\r\n\r\n    @Column({\r\n        type: \"text\",\r\n        nullable: true\r\n    })\r\n    feedBody?: string;\r\n\r\n    @Column({\r\n        type: \"bigint\",\r\n        nullable: true\r\n    })\r\n    referencingLogSid?: number;\r\n}\r\n"]},"_coverageSchema":"332fd63041d2c1bcb487cc26dd0d5f7d97098a6c","hash":"5d5abc4e65e4656d1ee74c091b2a1ee4e2fc08f1"}
,"C:\\workspace\\projects\\delightreading\\delightreading-backend\\src\\routes\\activitylog.ts": {"path":"C:\\workspace\\projects\\delightreading\\delightreading-backend\\src\\routes\\activitylog.ts","statementMap":{"0":{"start":{"line":2,"column":16},"end":{"line":2,"column":34}},"1":{"start":{"line":3,"column":30},"end":{"line":3,"column":66}},"2":{"start":{"line":4,"column":15},"end":{"line":4,"column":31}},"3":{"start":{"line":5,"column":0},"end":{"line":5,"column":55}},"4":{"start":{"line":6,"column":0},"end":{"line":6,"column":55}},"5":{"start":{"line":7,"column":0},"end":{"line":7,"column":24}}},"fnMap":{},"branchMap":{},"s":{"0":2,"1":2,"2":2,"3":2,"4":2,"5":2},"f":{},"b":{},"inputSourceMap":{"version":3,"file":"activitylog.js","sourceRoot":"","sources":["activitylog.ts"],"names":[],"mappings":";AAAA,mCAAmC;AACnC,mEAAmE;AAEnE,MAAM,MAAM,GAAG,OAAO,CAAC,MAAM,EAAE,CAAC;AAEhC,MAAM,CAAC,IAAI,CAAC,GAAG,EAAE,qBAAqB,CAAC,cAAc,CAAC,CAAC;AACvD,MAAM,CAAC,GAAG,CAAC,GAAG,EAAE,qBAAqB,CAAC,eAAe,CAAC,CAAC;AAEvD,iBAAS,MAAM,CAAC","sourcesContent":["import * as express from \"express\";\r\nimport * as activityLogController from \"../controller/activityLog\";\r\n\r\nconst router = express.Router();\r\n\r\nrouter.post(\"/\", activityLogController.addActivityLog);\r\nrouter.get(\"/\", activityLogController.listActivityLog);\r\n\r\nexport = router;\r\n"]},"_coverageSchema":"332fd63041d2c1bcb487cc26dd0d5f7d97098a6c","hash":"da9dc1830eedb46b0c7d8d3417a586d607e66444"}
,"C:\\workspace\\projects\\delightreading\\delightreading-backend\\src\\routes\\index.ts": {"path":"C:\\workspace\\projects\\delightreading\\delightreading-backend\\src\\routes\\index.ts","statementMap":{"0":{"start":{"line":2,"column":0},"end":{"line":2,"column":62}},"1":{"start":{"line":3,"column":16},"end":{"line":3,"column":34}},"2":{"start":{"line":4,"column":20},"end":{"line":4,"column":39}},"3":{"start":{"line":5,"column":19},"end":{"line":5,"column":37}},"4":{"start":{"line":6,"column":25},"end":{"line":6,"column":49}},"5":{"start":{"line":7,"column":15},"end":{"line":7,"column":31}},"6":{"start":{"line":8,"column":0},"end":{"line":8,"column":36}},"7":{"start":{"line":9,"column":0},"end":{"line":9,"column":33}},"8":{"start":{"line":10,"column":0},"end":{"line":10,"column":46}},"9":{"start":{"line":12,"column":4},"end":{"line":12,"column":28}},"10":{"start":{"line":14,"column":0},"end":{"line":14,"column":29}}},"fnMap":{"0":{"name":"initRoutes","decl":{"start":{"line":11,"column":9},"end":{"line":11,"column":19}},"loc":{"start":{"line":11,"column":25},"end":{"line":13,"column":1}},"line":11}},"branchMap":{},"s":{"0":2,"1":2,"2":2,"3":2,"4":2,"5":2,"6":2,"7":2,"8":2,"9":2,"10":2},"f":{"0":2},"b":{},"inputSourceMap":{"version":3,"file":"index.js","sourceRoot":"","sources":["index.ts"],"names":[],"mappings":";;AAAA,mCAAmC;AACnC,wCAAwC;AACxC,sCAAsC;AACtC,kDAAkD;AAElD,MAAM,MAAM,GAAG,OAAO,CAAC,MAAM,EAAE,CAAC;AAEhC,MAAM,CAAC,GAAG,CAAC,UAAU,EAAE,WAAW,CAAC,CAAC;AACpC,MAAM,CAAC,GAAG,CAAC,QAAQ,EAAE,UAAU,CAAC,CAAC;AACjC,MAAM,CAAC,GAAG,CAAC,eAAe,EAAE,gBAAgB,CAAC,CAAC;AAE9C,oBAAmC,GAAoB;IACnD,GAAG,CAAC,GAAG,CAAC,MAAM,EAAE,MAAM,CAAC,CAAC;AAC5B,CAAC;AAFD,6BAEC","sourcesContent":["import * as express from \"express\";\r\nimport * as manageRoute from \"./manage\";\r\nimport * as usersRoute from \"./users\";\r\nimport * as activityLogRoute from \"./activitylog\";\r\n\r\nconst router = express.Router();\r\n\r\nrouter.use(\"/_manage\", manageRoute);\r\nrouter.use(\"/users\", usersRoute);\r\nrouter.use(\"/activitylogs\", activityLogRoute);\r\n\r\nexport default function initRoutes(app: express.Express) {\r\n    app.use(\"/api\", router);\r\n}"]},"_coverageSchema":"332fd63041d2c1bcb487cc26dd0d5f7d97098a6c","hash":"7d7b52032230d6f1c5c319f29821b2c8d8c26b2e"}
,"C:\\workspace\\projects\\delightreading\\delightreading-backend\\src\\routes\\manage.ts": {"path":"C:\\workspace\\projects\\delightreading\\delightreading-backend\\src\\routes\\manage.ts","statementMap":{"0":{"start":{"line":2,"column":16},"end":{"line":2,"column":34}},"1":{"start":{"line":3,"column":25},"end":{"line":3,"column":56}},"2":{"start":{"line":4,"column":15},"end":{"line":4,"column":31}},"3":{"start":{"line":5,"column":0},"end":{"line":5,"column":46}},"4":{"start":{"line":6,"column":0},"end":{"line":6,"column":24}}},"fnMap":{},"branchMap":{},"s":{"0":2,"1":2,"2":2,"3":2,"4":2},"f":{},"b":{},"inputSourceMap":{"version":3,"file":"manage.js","sourceRoot":"","sources":["manage.ts"],"names":[],"mappings":";AAAA,mCAAmC;AACnC,yDAAyD;AAEzD,MAAM,MAAM,GAAG,OAAO,CAAC,MAAM,EAAE,CAAC;AAEhC,MAAM,CAAC,GAAG,CAAC,OAAO,EAAE,gBAAgB,CAAC,OAAO,CAAC,CAAC;AAE9C,iBAAS,MAAM,CAAC","sourcesContent":["import * as express from \"express\";\r\nimport * as manageController from \"../controller/manage\";\r\n\r\nconst router = express.Router();\r\n\r\nrouter.use(\"/info\", manageController.getInfo);\r\n\r\nexport = router;\r\n"]},"_coverageSchema":"332fd63041d2c1bcb487cc26dd0d5f7d97098a6c","hash":"f2845bfabfd0bcd95842cdc7ba5bbc0cf4f87694"}
,"C:\\workspace\\projects\\delightreading\\delightreading-backend\\src\\routes\\users.ts": {"path":"C:\\workspace\\projects\\delightreading\\delightreading-backend\\src\\routes\\users.ts","statementMap":{"0":{"start":{"line":2,"column":16},"end":{"line":2,"column":34}},"1":{"start":{"line":3,"column":30},"end":{"line":3,"column":66}},"2":{"start":{"line":4,"column":15},"end":{"line":4,"column":31}},"3":{"start":{"line":5,"column":0},"end":{"line":5,"column":55}},"4":{"start":{"line":6,"column":0},"end":{"line":6,"column":55}},"5":{"start":{"line":7,"column":0},"end":{"line":7,"column":24}}},"fnMap":{},"branchMap":{},"s":{"0":2,"1":2,"2":2,"3":2,"4":2,"5":2},"f":{},"b":{},"inputSourceMap":{"version":3,"file":"users.js","sourceRoot":"","sources":["users.ts"],"names":[],"mappings":";AAAA,mCAAmC;AACnC,mEAAmE;AAEnE,MAAM,MAAM,GAAG,OAAO,CAAC,MAAM,EAAE,CAAC;AAEhC,MAAM,CAAC,IAAI,CAAC,GAAG,EAAE,qBAAqB,CAAC,cAAc,CAAC,CAAC;AACvD,MAAM,CAAC,GAAG,CAAC,GAAG,EAAE,qBAAqB,CAAC,eAAe,CAAC,CAAC;AAEvD,iBAAS,MAAM,CAAC","sourcesContent":["import * as express from \"express\";\r\nimport * as userAccountController from \"../controller/useraccount\";\r\n\r\nconst router = express.Router();\r\n\r\nrouter.post(\"/\", userAccountController.addUserAccount);\r\nrouter.get(\"/\", userAccountController.listUserAccount);\r\n\r\nexport = router;\r\n"]},"_coverageSchema":"332fd63041d2c1bcb487cc26dd0d5f7d97098a6c","hash":"065047737645b92c48998da86165997937cf9b1e"}
,"C:\\workspace\\projects\\delightreading\\delightreading-backend\\src\\service\\ActivityLogService.ts": {"path":"C:\\workspace\\projects\\delightreading\\delightreading-backend\\src\\service\\ActivityLogService.ts","statementMap":{"0":{"start":{"line":2,"column":16},"end":{"line":9,"column":1}},"1":{"start":{"line":3,"column":4},"end":{"line":8,"column":7}},"2":{"start":{"line":4,"column":36},"end":{"line":4,"column":97}},"3":{"start":{"line":4,"column":42},"end":{"line":4,"column":70}},"4":{"start":{"line":4,"column":85},"end":{"line":4,"column":95}},"5":{"start":{"line":5,"column":35},"end":{"line":5,"column":100}},"6":{"start":{"line":5,"column":41},"end":{"line":5,"column":73}},"7":{"start":{"line":5,"column":88},"end":{"line":5,"column":98}},"8":{"start":{"line":6,"column":32},"end":{"line":6,"column":149}},"9":{"start":{"line":6,"column":97},"end":{"line":6,"column":119}},"10":{"start":{"line":7,"column":8},"end":{"line":7,"column":78}},"11":{"start":{"line":10,"column":0},"end":{"line":10,"column":62}},"12":{"start":{"line":11,"column":15},"end":{"line":11,"column":33}},"13":{"start":{"line":12,"column":18},"end":{"line":12,"column":36}},"14":{"start":{"line":13,"column":22},"end":{"line":13,"column":54}},"15":{"start":{"line":16,"column":28},"end":{"line":22,"column":9}},"16":{"start":{"line":23,"column":8},"end":{"line":23,"column":27}},"17":{"start":{"line":26,"column":8},"end":{"line":35,"column":11}},"18":{"start":{"line":28,"column":36},"end":{"line":28,"column":86}},"19":{"start":{"line":29,"column":12},"end":{"line":31,"column":13}},"20":{"start":{"line":30,"column":16},"end":{"line":30,"column":43}},"21":{"start":{"line":32,"column":37},"end":{"line":32,"column":76}},"22":{"start":{"line":34,"column":12},"end":{"line":34,"column":36}},"23":{"start":{"line":38,"column":8},"end":{"line":43,"column":11}},"24":{"start":{"line":40,"column":36},"end":{"line":40,"column":86}},"25":{"start":{"line":41,"column":42},"end":{"line":41,"column":78}},"26":{"start":{"line":42,"column":12},"end":{"line":42,"column":32}},"27":{"start":{"line":46,"column":0},"end":{"line":46,"column":48}}},"fnMap":{"0":{"name":"(anonymous_0)","decl":{"start":{"line":2,"column":44},"end":{"line":2,"column":45}},"loc":{"start":{"line":2,"column":89},"end":{"line":9,"column":1}},"line":2},"1":{"name":"(anonymous_1)","decl":{"start":{"line":3,"column":36},"end":{"line":3,"column":37}},"loc":{"start":{"line":3,"column":63},"end":{"line":8,"column":5}},"line":3},"2":{"name":"fulfilled","decl":{"start":{"line":4,"column":17},"end":{"line":4,"column":26}},"loc":{"start":{"line":4,"column":34},"end":{"line":4,"column":99}},"line":4},"3":{"name":"rejected","decl":{"start":{"line":5,"column":17},"end":{"line":5,"column":25}},"loc":{"start":{"line":5,"column":33},"end":{"line":5,"column":102}},"line":5},"4":{"name":"step","decl":{"start":{"line":6,"column":17},"end":{"line":6,"column":21}},"loc":{"start":{"line":6,"column":30},"end":{"line":6,"column":151}},"line":6},"5":{"name":"(anonymous_5)","decl":{"start":{"line":6,"column":76},"end":{"line":6,"column":77}},"loc":{"start":{"line":6,"column":95},"end":{"line":6,"column":121}},"line":6},"6":{"name":"(anonymous_6)","decl":{"start":{"line":15,"column":4},"end":{"line":15,"column":5}},"loc":{"start":{"line":15,"column":46},"end":{"line":24,"column":5}},"line":15},"7":{"name":"(anonymous_7)","decl":{"start":{"line":25,"column":4},"end":{"line":25,"column":5}},"loc":{"start":{"line":25,"column":22},"end":{"line":36,"column":5}},"line":25},"8":{"name":"(anonymous_8)","decl":{"start":{"line":26,"column":47},"end":{"line":26,"column":48}},"loc":{"start":{"line":26,"column":60},"end":{"line":35,"column":9}},"line":26},"9":{"name":"(anonymous_9)","decl":{"start":{"line":37,"column":4},"end":{"line":37,"column":5}},"loc":{"start":{"line":37,"column":19},"end":{"line":44,"column":5}},"line":37},"10":{"name":"(anonymous_10)","decl":{"start":{"line":38,"column":47},"end":{"line":38,"column":48}},"loc":{"start":{"line":38,"column":60},"end":{"line":43,"column":9}},"line":38}},"branchMap":{"0":{"loc":{"start":{"line":2,"column":16},"end":{"line":9,"column":1}},"type":"binary-expr","locations":[{"start":{"line":2,"column":17},"end":{"line":2,"column":21}},{"start":{"line":2,"column":25},"end":{"line":2,"column":39}},{"start":{"line":2,"column":44},"end":{"line":9,"column":1}}],"line":2},"1":{"loc":{"start":{"line":3,"column":16},"end":{"line":3,"column":34}},"type":"binary-expr","locations":[{"start":{"line":3,"column":16},"end":{"line":3,"column":17}},{"start":{"line":3,"column":22},"end":{"line":3,"column":33}}],"line":3},"2":{"loc":{"start":{"line":6,"column":32},"end":{"line":6,"column":148}},"type":"cond-expr","locations":[{"start":{"line":6,"column":46},"end":{"line":6,"column":67}},{"start":{"line":6,"column":70},"end":{"line":6,"column":148}}],"line":6},"3":{"loc":{"start":{"line":7,"column":51},"end":{"line":7,"column":67}},"type":"binary-expr","locations":[{"start":{"line":7,"column":51},"end":{"line":7,"column":61}},{"start":{"line":7,"column":65},"end":{"line":7,"column":67}}],"line":7},"4":{"loc":{"start":{"line":29,"column":12},"end":{"line":31,"column":13}},"type":"if","locations":[{"start":{"line":29,"column":12},"end":{"line":31,"column":13}},{"start":{"line":29,"column":12},"end":{"line":31,"column":13}}],"line":29}},"s":{"0":1,"1":6,"2":6,"3":6,"4":0,"5":0,"6":0,"7":0,"8":12,"9":6,"10":6,"11":1,"12":1,"13":1,"14":1,"15":5,"16":5,"17":5,"18":5,"19":5,"20":5,"21":5,"22":5,"23":1,"24":1,"25":1,"26":1,"27":1},"f":{"0":6,"1":6,"2":6,"3":0,"4":12,"5":6,"6":5,"7":5,"8":5,"9":1,"10":1},"b":{"0":[1,1,1],"1":[6,6],"2":[6,6],"3":[6,6],"4":[5,0]},"inputSourceMap":{"version":3,"file":"ActivityLogService.js","sourceRoot":"","sources":["ActivityLogService.ts"],"names":[],"mappings":"AAAA,YAAY,CAAC;;;;;;;;;;AAGb,kCAAmC;AACnC,qCAAwC;AACxC,uDAAoD;AAEpD;IAEI,YAAY,CAAC,OAAe,EAAE,QAAgB,EAAE,QAAgB;QAC5D,MAAM,WAAW,GAAgB;YAC7B,OAAO,EAAE,OAAO;YAChB,QAAQ,EAAE,QAAQ;YAClB,YAAY,EAAE,IAAI,IAAI,EAAE;YACxB,QAAQ,EAAE,QAAQ;YAClB,SAAS,EAAE,IAAI,IAAI,EAAE;SACtB,CAAC;QACJ,MAAM,CAAC,WAAW,CAAC;IACvB,CAAC;IAEK,IAAI,CAAC,WAAwB;;YAE/B,0DAA0D;YAE1D,MAAM,eAAe,GAAG,uBAAa,CAAC,yBAAW,CAAC,CAAC;YACnD,EAAE,CAAC,CAAC,WAAW,CAAC,GAAG,KAAK,SAAS,CAAC,CAAC,CAAC;gBAChC,WAAW,CAAC,GAAG,GAAG,MAAM,EAAE,CAAC;YAC/B,CAAC;YACD,MAAM,gBAAgB,GAAG,MAAM,eAAe,CAAC,IAAI,CAAC,WAAW,CAAC,CAAC;YAEjE,+DAA+D;YAE/D,MAAM,CAAC,gBAAgB,CAAC;QAC5B,CAAC;KAAA;IAEK,IAAI,CAAC,QAAc;;YAErB,uDAAuD;YAEvD,MAAM,eAAe,GAAG,uBAAa,CAAC,yBAAW,CAAC,CAAC;YACnD,MAAM,CAAC,YAAY,EAAE,KAAK,CAAC,GAAG,MAAM,eAAe,CAAC,YAAY,EAAE,CAAC;YAEnE,MAAM,CAAC,YAAY,CAAC;QACxB,CAAC;KAAA;CACJ;AArCD,gDAqCC","sourcesContent":["\"use strict\";\r\n\r\nimport * as async from \"async\";\r\nimport * as uuidv4  from \"uuid/v4\";\r\nimport { getRepository } from \"typeorm\";\r\nimport { ActivityLog } from \"../entity/activitylog\";\r\n\r\nexport class ActivityLogService {\r\n\r\n    createEntity(goalSid: number, activity: string, quantity: number): ActivityLog {\r\n        const activityLog: ActivityLog = {\r\n            goalSid: goalSid,\r\n            activity: activity,\r\n            logTimestamp: new Date(),\r\n            quantity: quantity,\r\n            createdAt: new Date()\r\n          };\r\n        return activityLog;\r\n    }\r\n\r\n    async save(activityLog: ActivityLog): Promise<ActivityLog> {\r\n\r\n        // console.log(JSON.stringify(activityLog, undefined, 2));\r\n\r\n        const activityLogRepo = getRepository(ActivityLog);\r\n        if (activityLog.uid === undefined) {\r\n            activityLog.uid = uuidv4();\r\n        }\r\n        const savedActivityLog = await activityLogRepo.save(activityLog);\r\n\r\n        // console.log(JSON.stringify(savedActivityLog, undefined, 2));\r\n\r\n        return savedActivityLog;\r\n    }\r\n\r\n    async list(criteria?: any): Promise<Array<ActivityLog>> {\r\n\r\n        // console.log(JSON.stringify(criteria, undefined, 2));\r\n\r\n        const activityLogRepo = getRepository(ActivityLog);\r\n        const [activityLogs, count] = await activityLogRepo.findAndCount();\r\n\r\n        return activityLogs;\r\n    }\r\n}"]},"_coverageSchema":"332fd63041d2c1bcb487cc26dd0d5f7d97098a6c","hash":"c6f45d26255f428d48028f59c7d51754b24a61dd"}
,"C:\\workspace\\projects\\delightreading\\delightreading-backend\\src\\service\\UserService.ts": {"path":"C:\\workspace\\projects\\delightreading\\delightreading-backend\\src\\service\\UserService.ts","statementMap":{"0":{"start":{"line":2,"column":16},"end":{"line":9,"column":1}},"1":{"start":{"line":3,"column":4},"end":{"line":8,"column":7}},"2":{"start":{"line":4,"column":36},"end":{"line":4,"column":97}},"3":{"start":{"line":4,"column":42},"end":{"line":4,"column":70}},"4":{"start":{"line":4,"column":85},"end":{"line":4,"column":95}},"5":{"start":{"line":5,"column":35},"end":{"line":5,"column":100}},"6":{"start":{"line":5,"column":41},"end":{"line":5,"column":73}},"7":{"start":{"line":5,"column":88},"end":{"line":5,"column":98}},"8":{"start":{"line":6,"column":32},"end":{"line":6,"column":149}},"9":{"start":{"line":6,"column":97},"end":{"line":6,"column":119}},"10":{"start":{"line":7,"column":8},"end":{"line":7,"column":78}},"11":{"start":{"line":10,"column":0},"end":{"line":10,"column":62}},"12":{"start":{"line":11,"column":15},"end":{"line":11,"column":33}},"13":{"start":{"line":12,"column":18},"end":{"line":12,"column":36}},"14":{"start":{"line":13,"column":22},"end":{"line":13,"column":54}},"15":{"start":{"line":16,"column":28},"end":{"line":22,"column":9}},"16":{"start":{"line":23,"column":8},"end":{"line":23,"column":27}},"17":{"start":{"line":26,"column":8},"end":{"line":26,"column":92}},"18":{"start":{"line":29,"column":8},"end":{"line":38,"column":11}},"19":{"start":{"line":31,"column":36},"end":{"line":31,"column":86}},"20":{"start":{"line":32,"column":12},"end":{"line":34,"column":13}},"21":{"start":{"line":33,"column":16},"end":{"line":33,"column":43}},"22":{"start":{"line":35,"column":37},"end":{"line":35,"column":76}},"23":{"start":{"line":37,"column":12},"end":{"line":37,"column":36}},"24":{"start":{"line":41,"column":8},"end":{"line":47,"column":11}},"25":{"start":{"line":43,"column":36},"end":{"line":43,"column":86}},"26":{"start":{"line":45,"column":29},"end":{"line":45,"column":65}},"27":{"start":{"line":46,"column":12},"end":{"line":46,"column":28}},"28":{"start":{"line":50,"column":0},"end":{"line":50,"column":34}}},"fnMap":{"0":{"name":"(anonymous_0)","decl":{"start":{"line":2,"column":44},"end":{"line":2,"column":45}},"loc":{"start":{"line":2,"column":89},"end":{"line":9,"column":1}},"line":2},"1":{"name":"(anonymous_1)","decl":{"start":{"line":3,"column":36},"end":{"line":3,"column":37}},"loc":{"start":{"line":3,"column":63},"end":{"line":8,"column":5}},"line":3},"2":{"name":"fulfilled","decl":{"start":{"line":4,"column":17},"end":{"line":4,"column":26}},"loc":{"start":{"line":4,"column":34},"end":{"line":4,"column":99}},"line":4},"3":{"name":"rejected","decl":{"start":{"line":5,"column":17},"end":{"line":5,"column":25}},"loc":{"start":{"line":5,"column":33},"end":{"line":5,"column":102}},"line":5},"4":{"name":"step","decl":{"start":{"line":6,"column":17},"end":{"line":6,"column":21}},"loc":{"start":{"line":6,"column":30},"end":{"line":6,"column":151}},"line":6},"5":{"name":"(anonymous_5)","decl":{"start":{"line":6,"column":76},"end":{"line":6,"column":77}},"loc":{"start":{"line":6,"column":95},"end":{"line":6,"column":121}},"line":6},"6":{"name":"(anonymous_6)","decl":{"start":{"line":15,"column":4},"end":{"line":15,"column":5}},"loc":{"start":{"line":15,"column":60},"end":{"line":24,"column":5}},"line":15},"7":{"name":"(anonymous_7)","decl":{"start":{"line":25,"column":4},"end":{"line":25,"column":5}},"loc":{"start":{"line":25,"column":32},"end":{"line":27,"column":5}},"line":25},"8":{"name":"(anonymous_8)","decl":{"start":{"line":28,"column":4},"end":{"line":28,"column":5}},"loc":{"start":{"line":28,"column":22},"end":{"line":39,"column":5}},"line":28},"9":{"name":"(anonymous_9)","decl":{"start":{"line":29,"column":47},"end":{"line":29,"column":48}},"loc":{"start":{"line":29,"column":60},"end":{"line":38,"column":9}},"line":29},"10":{"name":"(anonymous_10)","decl":{"start":{"line":40,"column":4},"end":{"line":40,"column":5}},"loc":{"start":{"line":40,"column":19},"end":{"line":48,"column":5}},"line":40},"11":{"name":"(anonymous_11)","decl":{"start":{"line":41,"column":47},"end":{"line":41,"column":48}},"loc":{"start":{"line":41,"column":60},"end":{"line":47,"column":9}},"line":41}},"branchMap":{"0":{"loc":{"start":{"line":2,"column":16},"end":{"line":9,"column":1}},"type":"binary-expr","locations":[{"start":{"line":2,"column":17},"end":{"line":2,"column":21}},{"start":{"line":2,"column":25},"end":{"line":2,"column":39}},{"start":{"line":2,"column":44},"end":{"line":9,"column":1}}],"line":2},"1":{"loc":{"start":{"line":3,"column":16},"end":{"line":3,"column":34}},"type":"binary-expr","locations":[{"start":{"line":3,"column":16},"end":{"line":3,"column":17}},{"start":{"line":3,"column":22},"end":{"line":3,"column":33}}],"line":3},"2":{"loc":{"start":{"line":6,"column":32},"end":{"line":6,"column":148}},"type":"cond-expr","locations":[{"start":{"line":6,"column":46},"end":{"line":6,"column":67}},{"start":{"line":6,"column":70},"end":{"line":6,"column":148}}],"line":6},"3":{"loc":{"start":{"line":7,"column":51},"end":{"line":7,"column":67}},"type":"binary-expr","locations":[{"start":{"line":7,"column":51},"end":{"line":7,"column":61}},{"start":{"line":7,"column":65},"end":{"line":7,"column":67}}],"line":7},"4":{"loc":{"start":{"line":32,"column":12},"end":{"line":34,"column":13}},"type":"if","locations":[{"start":{"line":32,"column":12},"end":{"line":34,"column":13}},{"start":{"line":32,"column":12},"end":{"line":34,"column":13}}],"line":32}},"s":{"0":2,"1":2,"2":2,"3":2,"4":0,"5":0,"6":0,"7":0,"8":4,"9":2,"10":2,"11":2,"12":2,"13":2,"14":2,"15":1,"16":1,"17":1,"18":1,"19":1,"20":1,"21":1,"22":1,"23":1,"24":1,"25":1,"26":1,"27":1,"28":2},"f":{"0":2,"1":2,"2":2,"3":0,"4":4,"5":2,"6":1,"7":1,"8":1,"9":1,"10":1,"11":1},"b":{"0":[2,2,2],"1":[2,2],"2":[2,2],"3":[2,2],"4":[1,0]},"inputSourceMap":{"version":3,"file":"UserService.js","sourceRoot":"","sources":["UserService.ts"],"names":[],"mappings":"AAAA,YAAY,CAAC;;;;;;;;;;AAGb,kCAAkC;AAClC,qCAAwC;AACxC,uDAAoD;AAEpD;IAEI,YAAY,CAAC,QAAgB,EAAE,QAAgB,EAAE,SAAiB,EAAE,UAAkB;QAClF,MAAM,WAAW,GAAgB;YAC7B,QAAQ,EAAE,QAAQ;YAClB,QAAQ,EAAE,QAAQ;YAClB,SAAS,EAAE,SAAS;YACpB,UAAU,EAAE,UAAU;YACtB,SAAS,EAAE,IAAI,IAAI,EAAE;SACxB,CAAC;QACF,MAAM,CAAC,WAAW,CAAC;IACvB,CAAC;IAED,sBAAsB,CAAC,GAAQ;QAC3B,MAAM,CAAC,IAAI,CAAC,YAAY,CAAC,GAAG,CAAC,QAAQ,EAAE,GAAG,CAAC,QAAQ,EAAE,GAAG,CAAC,SAAS,EAAE,GAAG,CAAC,UAAU,CAAC,CAAC;IACxF,CAAC;IAEK,IAAI,CAAC,WAAwB;;YAE/B,0DAA0D;YAE1D,MAAM,eAAe,GAAG,uBAAa,CAAC,yBAAW,CAAC,CAAC;YACnD,EAAE,CAAC,CAAC,WAAW,CAAC,GAAG,KAAK,SAAS,CAAC,CAAC,CAAC;gBAChC,WAAW,CAAC,GAAG,GAAG,MAAM,EAAE,CAAC;YAC/B,CAAC;YACD,MAAM,gBAAgB,GAAG,MAAM,eAAe,CAAC,IAAI,CAAC,WAAW,CAAC,CAAC;YAEjE,+DAA+D;YAE/D,MAAM,CAAC,gBAAgB,CAAC;QAC5B,CAAC;KAAA;IAEK,IAAI,CAAC,QAAc;;YAErB,uDAAuD;YAEvD,MAAM,eAAe,GAAG,uBAAa,CAAC,yBAAW,CAAC,CAAC;YACnD,+BAA+B;YAC/B,MAAM,QAAQ,GAAG,MAAM,eAAe,CAAC,YAAY,EAAE,CAAC;YAEtD,MAAM,CAAC,QAAQ,CAAC;QACpB,CAAC;KAAA;CACJ;AA1CD,kCA0CC","sourcesContent":["\"use strict\";\r\n\r\nimport * as async from \"async\";\r\nimport * as uuidv4 from \"uuid/v4\";\r\nimport { getRepository } from \"typeorm\";\r\nimport { UserAccount } from \"../entity/UserAccount\";\r\n\r\nexport class UserService {\r\n\r\n    createEntity(username: string, password: string, givenName: string, familyName: string): UserAccount {\r\n        const userAccount: UserAccount = {\r\n            username: username,\r\n            password: password,\r\n            givenName: givenName,\r\n            familyName: familyName,\r\n            createdAt: new Date()\r\n        };\r\n        return userAccount;\r\n    }\r\n\r\n    createEntityFromObject(obj: any): UserAccount {\r\n        return this.createEntity(obj.username, obj.password, obj.givenName, obj.familyName);\r\n    }\r\n\r\n    async save(userAccount: UserAccount): Promise<UserAccount> {\r\n\r\n        // console.log(JSON.stringify(UserAccount, undefined, 2));\r\n\r\n        const UserAccountRepo = getRepository(UserAccount);\r\n        if (userAccount.uid === undefined) {\r\n            userAccount.uid = uuidv4();\r\n        }\r\n        const savedUserAccount = await UserAccountRepo.save(userAccount);\r\n\r\n        // console.log(JSON.stringify(savedUserAccount, undefined, 2));\r\n\r\n        return savedUserAccount;\r\n    }\r\n\r\n    async list(criteria?: any): Promise<[Array<UserAccount>, number]> {\r\n\r\n        // console.log(JSON.stringify(criteria, undefined, 2));\r\n\r\n        const UserAccountRepo = getRepository(UserAccount);\r\n        // result [UserAccounts, count]\r\n        const response = await UserAccountRepo.findAndCount();\r\n\r\n        return response;\r\n    }\r\n}"]},"_coverageSchema":"332fd63041d2c1bcb487cc26dd0d5f7d97098a6c","hash":"2e43efa4ac4bfb1442ed38eb598d22ab20c4df2b"}
,"C:\\workspace\\projects\\delightreading\\delightreading-backend\\test\\ormconnect.ts": {"path":"C:\\workspace\\projects\\delightreading\\delightreading-backend\\test\\ormconnect.ts","statementMap":{"0":{"start":{"line":2,"column":16},"end":{"line":9,"column":1}},"1":{"start":{"line":3,"column":4},"end":{"line":8,"column":7}},"2":{"start":{"line":4,"column":36},"end":{"line":4,"column":97}},"3":{"start":{"line":4,"column":42},"end":{"line":4,"column":70}},"4":{"start":{"line":4,"column":85},"end":{"line":4,"column":95}},"5":{"start":{"line":5,"column":35},"end":{"line":5,"column":100}},"6":{"start":{"line":5,"column":41},"end":{"line":5,"column":73}},"7":{"start":{"line":5,"column":88},"end":{"line":5,"column":98}},"8":{"start":{"line":6,"column":32},"end":{"line":6,"column":149}},"9":{"start":{"line":6,"column":97},"end":{"line":6,"column":119}},"10":{"start":{"line":7,"column":8},"end":{"line":7,"column":78}},"11":{"start":{"line":10,"column":0},"end":{"line":10,"column":62}},"12":{"start":{"line":11,"column":18},"end":{"line":11,"column":36}},"13":{"start":{"line":13,"column":4},"end":{"line":26,"column":7}},"14":{"start":{"line":14,"column":8},"end":{"line":25,"column":11}},"15":{"start":{"line":28,"column":0},"end":{"line":28,"column":52}}},"fnMap":{"0":{"name":"(anonymous_0)","decl":{"start":{"line":2,"column":44},"end":{"line":2,"column":45}},"loc":{"start":{"line":2,"column":89},"end":{"line":9,"column":1}},"line":2},"1":{"name":"(anonymous_1)","decl":{"start":{"line":3,"column":36},"end":{"line":3,"column":37}},"loc":{"start":{"line":3,"column":63},"end":{"line":8,"column":5}},"line":3},"2":{"name":"fulfilled","decl":{"start":{"line":4,"column":17},"end":{"line":4,"column":26}},"loc":{"start":{"line":4,"column":34},"end":{"line":4,"column":99}},"line":4},"3":{"name":"rejected","decl":{"start":{"line":5,"column":17},"end":{"line":5,"column":25}},"loc":{"start":{"line":5,"column":33},"end":{"line":5,"column":102}},"line":5},"4":{"name":"step","decl":{"start":{"line":6,"column":17},"end":{"line":6,"column":21}},"loc":{"start":{"line":6,"column":30},"end":{"line":6,"column":151}},"line":6},"5":{"name":"(anonymous_5)","decl":{"start":{"line":6,"column":76},"end":{"line":6,"column":77}},"loc":{"start":{"line":6,"column":95},"end":{"line":6,"column":121}},"line":6},"6":{"name":"createTestConnection","decl":{"start":{"line":12,"column":9},"end":{"line":12,"column":29}},"loc":{"start":{"line":12,"column":40},"end":{"line":27,"column":1}},"line":12},"7":{"name":"(anonymous_7)","decl":{"start":{"line":13,"column":43},"end":{"line":13,"column":44}},"loc":{"start":{"line":13,"column":56},"end":{"line":26,"column":5}},"line":13}},"branchMap":{"0":{"loc":{"start":{"line":2,"column":16},"end":{"line":9,"column":1}},"type":"binary-expr","locations":[{"start":{"line":2,"column":17},"end":{"line":2,"column":21}},{"start":{"line":2,"column":25},"end":{"line":2,"column":39}},{"start":{"line":2,"column":44},"end":{"line":9,"column":1}}],"line":2},"1":{"loc":{"start":{"line":3,"column":16},"end":{"line":3,"column":34}},"type":"binary-expr","locations":[{"start":{"line":3,"column":16},"end":{"line":3,"column":17}},{"start":{"line":3,"column":22},"end":{"line":3,"column":33}}],"line":3},"2":{"loc":{"start":{"line":6,"column":32},"end":{"line":6,"column":148}},"type":"cond-expr","locations":[{"start":{"line":6,"column":46},"end":{"line":6,"column":67}},{"start":{"line":6,"column":70},"end":{"line":6,"column":148}}],"line":6},"3":{"loc":{"start":{"line":7,"column":51},"end":{"line":7,"column":67}},"type":"binary-expr","locations":[{"start":{"line":7,"column":51},"end":{"line":7,"column":61}},{"start":{"line":7,"column":65},"end":{"line":7,"column":67}}],"line":7}},"s":{"0":2,"1":4,"2":4,"3":4,"4":0,"5":0,"6":0,"7":0,"8":8,"9":4,"10":4,"11":2,"12":2,"13":4,"14":4,"15":2},"f":{"0":4,"1":4,"2":4,"3":0,"4":8,"5":4,"6":4,"7":4},"b":{"0":[2,2,2],"1":[4,4],"2":[4,4],"3":[4,4]},"inputSourceMap":{"version":3,"file":"ormconnect.js","sourceRoot":"","sources":["ormconnect.ts"],"names":[],"mappings":";;;;;;;;;;AAAA,qCAAuD;AAEvD,8BAA4C,QAAa;;QACrD,MAAM,CAAC,MAAM,0BAAgB,CAAC;YAC1B,IAAI,EAAE,UAAU;YAChB,IAAI,EAAE,WAAW;YACjB,IAAI,EAAE,IAAI;YACV,QAAQ,EAAE,MAAM;YAChB,QAAQ,EAAE,MAAM;YAChB,QAAQ,EAAE,MAAM;YAChB,QAAQ,EAAE,QAAQ;YAClB,OAAO,EAAE,KAAK;YACd,UAAU,EAAE,IAAI;YAChB,WAAW,EAAE,IAAI;SAClB,CAAC,CAAC;IACT,CAAC;CAAA;AAbD,oDAaC","sourcesContent":["import { Connection, createConnection } from \"typeorm\";\r\n\r\nexport async function createTestConnection( entities: any) {\r\n    return await createConnection({\r\n        type: \"postgres\",\r\n        host: \"localhost\",\r\n        port: 5432,\r\n        username: \"test\",\r\n        password: \"test\",\r\n        database: \"test\",\r\n        entities: entities,\r\n        logging: false,\r\n        dropSchema: true, // Isolate each test case\r\n        synchronize: true\r\n      });\r\n}\r\n"]},"_coverageSchema":"332fd63041d2c1bcb487cc26dd0d5f7d97098a6c","hash":"6d57c999c0687f68da4c25f7c21b352dedf33262"}
}
