TN:
SF:C:\workspace\projects\delightreading\delightreading-backend\src\app.ts
FNF:0
FNH:0
DA:2,2
DA:3,2
DA:4,2
DA:5,2
DA:6,2
DA:7,2
DA:8,2
DA:10,2
DA:14,2
DA:16,2
DA:17,2
DA:18,2
DA:19,2
DA:20,2
DA:21,2
DA:32,2
DA:33,2
DA:34,2
LF:18
LH:18
BRDA:16,0,0,2
BRDA:16,0,1,2
BRF:2
BRH:2
end_of_record
TN:
SF:C:\workspace\projects\delightreading\delightreading-backend\src\controllers\manage.ts
FN:7,(anonymous_0)
FNF:1
FNH:0
FNDA:0,(anonymous_0)
DA:2,2
DA:7,2
DA:8,0
LF:3
LH:2
BRF:0
BRH:0
end_of_record
TN:
SF:C:\workspace\projects\delightreading\delightreading-backend\src\controllers\useraccount.ts
FN:2,(anonymous_0)
FN:3,(anonymous_1)
FN:4,fulfilled
FN:5,rejected
FN:6,step
FN:6,(anonymous_5)
FN:17,(anonymous_6)
FN:17,(anonymous_7)
FN:24,(anonymous_8)
FN:24,(anonymous_9)
FNF:10
FNH:0
FNDA:0,(anonymous_0)
FNDA:0,(anonymous_1)
FNDA:0,fulfilled
FNDA:0,rejected
FNDA:0,step
FNDA:0,(anonymous_5)
FNDA:0,(anonymous_6)
FNDA:0,(anonymous_7)
FNDA:0,(anonymous_8)
FNDA:0,(anonymous_9)
DA:2,2
DA:3,0
DA:4,0
DA:5,0
DA:6,0
DA:7,0
DA:10,2
DA:11,2
DA:12,2
DA:17,2
DA:18,0
DA:19,0
DA:20,0
DA:21,0
DA:22,0
DA:24,2
DA:25,0
DA:26,0
DA:27,0
DA:28,0
DA:29,0
LF:21
LH:6
BRDA:2,0,0,2
BRDA:2,0,1,2
BRDA:2,0,2,2
BRDA:3,1,0,0
BRDA:3,1,1,0
BRDA:6,2,0,0
BRDA:6,2,1,0
BRDA:7,3,0,0
BRDA:7,3,1,0
BRF:9
BRH:3
end_of_record
TN:
SF:C:\workspace\projects\delightreading\delightreading-backend\src\entity\EntityBase.ts
FN:2,(anonymous_0)
FN:8,(anonymous_1)
FNF:2
FNH:2
FNDA:14,(anonymous_0)
FNDA:14,(anonymous_1)
DA:2,2
DA:3,14
DA:4,14
DA:5,30
DA:6,14
DA:8,2
DA:9,14
DA:11,2
DA:12,2
DA:16,2
DA:20,2
DA:28,2
DA:35,2
DA:41,2
DA:47,2
DA:53,2
DA:59,2
LF:17
LH:17
BRDA:2,0,0,2
BRDA:2,0,1,2
BRDA:2,0,2,2
BRDA:3,1,0,0
BRDA:3,1,1,14
BRDA:3,2,0,0
BRDA:3,2,1,14
BRDA:4,3,0,0
BRDA:4,3,1,14
BRDA:4,4,0,14
BRDA:4,4,1,14
BRDA:5,5,0,16
BRDA:5,5,1,14
BRDA:5,6,0,16
BRDA:5,6,1,16
BRDA:5,7,0,0
BRDA:5,7,1,16
BRDA:5,8,0,16
BRDA:5,8,1,0
BRDA:6,9,0,14
BRDA:6,9,1,14
BRDA:6,9,2,0
BRDA:8,10,0,2
BRDA:8,10,1,2
BRDA:8,10,2,2
BRDA:9,11,0,0
BRDA:9,11,1,14
BRDA:9,12,0,14
BRDA:9,12,1,14
BRF:29
BRH:22
end_of_record
TN:
SF:C:\workspace\projects\delightreading\delightreading-backend\src\entity\UserAccount.ts
FN:2,(anonymous_0)
FN:8,(anonymous_1)
FNF:2
FNH:2
FNDA:28,(anonymous_0)
FNDA:26,(anonymous_1)
DA:2,2
DA:3,28
DA:4,28
DA:5,54
DA:6,28
DA:8,2
DA:9,26
DA:11,2
DA:12,2
DA:13,2
DA:14,2
DA:16,2
DA:23,2
DA:30,2
DA:37,2
DA:44,2
DA:51,2
DA:57,2
DA:64,2
DA:71,2
DA:78,2
DA:84,2
DA:90,2
DA:97,2
DA:103,2
DA:106,2
LF:26
LH:26
BRDA:2,0,0,2
BRDA:2,0,1,2
BRDA:2,0,2,2
BRDA:3,1,0,2
BRDA:3,1,1,26
BRDA:3,2,0,0
BRDA:3,2,1,26
BRDA:4,3,0,0
BRDA:4,3,1,28
BRDA:4,4,0,28
BRDA:4,4,1,28
BRDA:5,5,0,28
BRDA:5,5,1,26
BRDA:5,6,0,28
BRDA:5,6,1,28
BRDA:5,7,0,2
BRDA:5,7,1,26
BRDA:5,8,0,26
BRDA:5,8,1,0
BRDA:6,9,0,28
BRDA:6,9,1,26
BRDA:6,9,2,0
BRDA:8,10,0,2
BRDA:8,10,1,2
BRDA:8,10,2,2
BRDA:9,11,0,0
BRDA:9,11,1,26
BRDA:9,12,0,26
BRDA:9,12,1,26
BRF:29
BRH:24
end_of_record
TN:
SF:C:\workspace\projects\delightreading\delightreading-backend\src\routes\index.ts
FN:9,initRoutes
FNF:1
FNH:1
FNDA:2,initRoutes
DA:2,2
DA:3,2
DA:4,2
DA:5,2
DA:6,2
DA:7,2
DA:8,2
DA:10,2
DA:12,2
LF:9
LH:9
BRF:0
BRH:0
end_of_record
TN:
SF:C:\workspace\projects\delightreading\delightreading-backend\src\routes\manage.ts
FNF:0
FNH:0
DA:2,2
DA:3,2
DA:4,2
DA:5,2
DA:6,2
LF:5
LH:5
BRF:0
BRH:0
end_of_record
TN:
SF:C:\workspace\projects\delightreading\delightreading-backend\src\routes\users.ts
FNF:0
FNH:0
DA:2,2
DA:3,2
DA:4,2
DA:5,2
DA:6,2
DA:7,2
LF:6
LH:6
BRF:0
BRH:0
end_of_record
