TN:
SF:C:\workspace\projects\delightreading\delightreading-backend\src\app.ts
FNF:0
FNH:0
DA:2,2
DA:3,2
DA:4,2
DA:5,2
DA:6,2
DA:7,2
DA:8,2
DA:10,2
DA:14,2
DA:16,2
DA:17,2
DA:18,2
DA:19,2
DA:20,2
DA:21,2
DA:32,2
DA:33,2
DA:34,2
LF:18
LH:18
BRDA:16,0,0,2
BRDA:16,0,1,2
BRF:2
BRH:2
end_of_record
TN:
SF:C:\workspace\projects\delightreading\delightreading-backend\src\controller\activityLog.ts
FN:2,(anonymous_0)
FN:3,(anonymous_1)
FN:4,fulfilled
FN:5,rejected
FN:6,step
FN:6,(anonymous_5)
FN:17,(anonymous_6)
FN:17,(anonymous_7)
FN:24,(anonymous_8)
FN:24,(anonymous_9)
FNF:10
FNH:0
FNDA:0,(anonymous_0)
FNDA:0,(anonymous_1)
FNDA:0,fulfilled
FNDA:0,rejected
FNDA:0,step
FNDA:0,(anonymous_5)
FNDA:0,(anonymous_6)
FNDA:0,(anonymous_7)
FNDA:0,(anonymous_8)
FNDA:0,(anonymous_9)
DA:2,2
DA:3,0
DA:4,0
DA:5,0
DA:6,0
DA:7,0
DA:10,2
DA:11,2
DA:12,2
DA:17,2
DA:18,0
DA:19,0
DA:20,0
DA:21,0
DA:22,0
DA:24,2
DA:25,0
DA:26,0
DA:27,0
DA:28,0
DA:29,0
LF:21
LH:6
BRDA:2,0,0,2
BRDA:2,0,1,2
BRDA:2,0,2,2
BRDA:3,1,0,0
BRDA:3,1,1,0
BRDA:6,2,0,0
BRDA:6,2,1,0
BRDA:7,3,0,0
BRDA:7,3,1,0
BRF:9
BRH:3
end_of_record
TN:
SF:C:\workspace\projects\delightreading\delightreading-backend\src\controller\manage.ts
FN:7,(anonymous_0)
FNF:1
FNH:0
FNDA:0,(anonymous_0)
DA:2,2
DA:7,2
DA:8,0
LF:3
LH:2
BRF:0
BRH:0
end_of_record
TN:
SF:C:\workspace\projects\delightreading\delightreading-backend\src\controller\useraccount.ts
FN:2,(anonymous_0)
FN:3,(anonymous_1)
FN:4,fulfilled
FN:5,rejected
FN:6,step
FN:6,(anonymous_5)
FN:17,(anonymous_6)
FN:17,(anonymous_7)
FN:24,(anonymous_8)
FN:24,(anonymous_9)
FNF:10
FNH:9
FNDA:2,(anonymous_0)
FNDA:2,(anonymous_1)
FNDA:2,fulfilled
FNDA:0,rejected
FNDA:4,step
FNDA:2,(anonymous_5)
FNDA:1,(anonymous_6)
FNDA:1,(anonymous_7)
FNDA:1,(anonymous_8)
FNDA:1,(anonymous_9)
DA:2,2
DA:3,2
DA:4,2
DA:5,0
DA:6,4
DA:7,2
DA:10,2
DA:11,2
DA:12,2
DA:17,2
DA:19,1
DA:20,1
DA:22,1
DA:24,2
DA:26,1
DA:28,1
LF:16
LH:15
BRDA:2,0,0,2
BRDA:2,0,1,2
BRDA:2,0,2,2
BRDA:3,1,0,2
BRDA:3,1,1,2
BRDA:6,2,0,2
BRDA:6,2,1,2
BRDA:7,3,0,2
BRDA:7,3,1,2
BRF:9
BRH:9
end_of_record
TN:
SF:C:\workspace\projects\delightreading\delightreading-backend\src\entity\EntityBase.ts
FN:2,(anonymous_0)
FN:8,(anonymous_1)
FNF:2
FNH:2
FNDA:21,(anonymous_0)
FNDA:21,(anonymous_1)
DA:2,3
DA:3,21
DA:4,21
DA:5,42
DA:6,21
DA:8,3
DA:9,21
DA:11,3
DA:12,3
DA:16,3
DA:20,3
DA:27,3
DA:35,3
DA:43,3
DA:50,3
DA:57,3
DA:64,3
LF:17
LH:17
BRDA:2,0,0,3
BRDA:2,0,1,3
BRDA:2,0,2,3
BRDA:3,1,0,0
BRDA:3,1,1,21
BRDA:3,2,0,0
BRDA:3,2,1,21
BRDA:4,3,0,0
BRDA:4,3,1,21
BRDA:4,4,0,21
BRDA:4,4,1,21
BRDA:5,5,0,21
BRDA:5,5,1,21
BRDA:5,6,0,21
BRDA:5,6,1,21
BRDA:5,7,0,0
BRDA:5,7,1,21
BRDA:5,8,0,21
BRDA:5,8,1,0
BRDA:6,9,0,21
BRDA:6,9,1,21
BRDA:6,9,2,0
BRDA:8,10,0,3
BRDA:8,10,1,3
BRDA:8,10,2,3
BRDA:9,11,0,0
BRDA:9,11,1,21
BRDA:9,12,0,21
BRDA:9,12,1,21
BRF:29
BRH:22
end_of_record
TN:
SF:C:\workspace\projects\delightreading\delightreading-backend\src\entity\UserAccount.ts
FN:2,(anonymous_0)
FN:8,(anonymous_1)
FNF:2
FNH:2
FNDA:28,(anonymous_0)
FNDA:26,(anonymous_1)
DA:2,2
DA:3,28
DA:4,28
DA:5,54
DA:6,28
DA:8,2
DA:9,26
DA:11,2
DA:12,2
DA:13,2
DA:14,2
DA:16,2
DA:23,2
DA:30,2
DA:37,2
DA:45,2
DA:53,2
DA:60,2
DA:68,2
DA:76,2
DA:84,2
DA:91,2
DA:98,2
DA:106,2
DA:113,2
DA:116,2
LF:26
LH:26
BRDA:2,0,0,2
BRDA:2,0,1,2
BRDA:2,0,2,2
BRDA:3,1,0,2
BRDA:3,1,1,26
BRDA:3,2,0,0
BRDA:3,2,1,26
BRDA:4,3,0,0
BRDA:4,3,1,28
BRDA:4,4,0,28
BRDA:4,4,1,28
BRDA:5,5,0,28
BRDA:5,5,1,26
BRDA:5,6,0,28
BRDA:5,6,1,28
BRDA:5,7,0,2
BRDA:5,7,1,26
BRDA:5,8,0,26
BRDA:5,8,1,0
BRDA:6,9,0,28
BRDA:6,9,1,26
BRDA:6,9,2,0
BRDA:8,10,0,2
BRDA:8,10,1,2
BRDA:8,10,2,2
BRDA:9,11,0,0
BRDA:9,11,1,26
BRDA:9,12,0,26
BRDA:9,12,1,26
BRF:29
BRH:24
end_of_record
TN:
SF:C:\workspace\projects\delightreading\delightreading-backend\src\entity\activitylog.ts
FN:2,(anonymous_0)
FN:8,(anonymous_1)
FNF:2
FNH:2
FNDA:27,(anonymous_0)
FNDA:24,(anonymous_1)
DA:2,3
DA:3,27
DA:4,27
DA:5,51
DA:6,27
DA:8,3
DA:9,24
DA:11,3
DA:12,3
DA:13,3
DA:14,3
DA:16,3
DA:22,3
DA:29,3
DA:35,3
DA:43,3
DA:50,3
DA:58,3
DA:65,3
DA:72,3
DA:75,3
LF:21
LH:21
BRDA:2,0,0,3
BRDA:2,0,1,3
BRDA:2,0,2,3
BRDA:3,1,0,3
BRDA:3,1,1,24
BRDA:3,2,0,0
BRDA:3,2,1,24
BRDA:4,3,0,0
BRDA:4,3,1,27
BRDA:4,4,0,27
BRDA:4,4,1,27
BRDA:5,5,0,27
BRDA:5,5,1,24
BRDA:5,6,0,27
BRDA:5,6,1,27
BRDA:5,7,0,3
BRDA:5,7,1,24
BRDA:5,8,0,24
BRDA:5,8,1,0
BRDA:6,9,0,27
BRDA:6,9,1,24
BRDA:6,9,2,0
BRDA:8,10,0,3
BRDA:8,10,1,3
BRDA:8,10,2,3
BRDA:9,11,0,0
BRDA:9,11,1,24
BRDA:9,12,0,24
BRDA:9,12,1,24
BRF:29
BRH:24
end_of_record
TN:
SF:C:\workspace\projects\delightreading\delightreading-backend\src\routes\activitylog.ts
FNF:0
FNH:0
DA:2,2
DA:3,2
DA:4,2
DA:5,2
DA:6,2
DA:7,2
LF:6
LH:6
BRF:0
BRH:0
end_of_record
TN:
SF:C:\workspace\projects\delightreading\delightreading-backend\src\routes\index.ts
FN:11,initRoutes
FNF:1
FNH:1
FNDA:2,initRoutes
DA:2,2
DA:3,2
DA:4,2
DA:5,2
DA:6,2
DA:7,2
DA:8,2
DA:9,2
DA:10,2
DA:12,2
DA:14,2
LF:11
LH:11
BRF:0
BRH:0
end_of_record
TN:
SF:C:\workspace\projects\delightreading\delightreading-backend\src\routes\manage.ts
FNF:0
FNH:0
DA:2,2
DA:3,2
DA:4,2
DA:5,2
DA:6,2
LF:5
LH:5
BRF:0
BRH:0
end_of_record
TN:
SF:C:\workspace\projects\delightreading\delightreading-backend\src\routes\users.ts
FNF:0
FNH:0
DA:2,2
DA:3,2
DA:4,2
DA:5,2
DA:6,2
DA:7,2
LF:6
LH:6
BRF:0
BRH:0
end_of_record
TN:
SF:C:\workspace\projects\delightreading\delightreading-backend\src\service\ActivityLogService.ts
FN:2,(anonymous_0)
FN:3,(anonymous_1)
FN:4,fulfilled
FN:5,rejected
FN:6,step
FN:6,(anonymous_5)
FN:15,(anonymous_6)
FN:25,(anonymous_7)
FN:26,(anonymous_8)
FN:37,(anonymous_9)
FN:38,(anonymous_10)
FNF:11
FNH:10
FNDA:6,(anonymous_0)
FNDA:6,(anonymous_1)
FNDA:6,fulfilled
FNDA:0,rejected
FNDA:12,step
FNDA:6,(anonymous_5)
FNDA:5,(anonymous_6)
FNDA:5,(anonymous_7)
FNDA:5,(anonymous_8)
FNDA:1,(anonymous_9)
FNDA:1,(anonymous_10)
DA:2,1
DA:3,6
DA:4,6
DA:5,0
DA:6,12
DA:7,6
DA:10,1
DA:11,1
DA:12,1
DA:13,1
DA:16,5
DA:23,5
DA:26,5
DA:28,5
DA:29,5
DA:30,5
DA:32,5
DA:34,5
DA:38,1
DA:40,1
DA:41,1
DA:42,1
DA:46,1
LF:23
LH:22
BRDA:2,0,0,1
BRDA:2,0,1,1
BRDA:2,0,2,1
BRDA:3,1,0,6
BRDA:3,1,1,6
BRDA:6,2,0,6
BRDA:6,2,1,6
BRDA:7,3,0,6
BRDA:7,3,1,6
BRDA:29,4,0,5
BRDA:29,4,1,0
BRF:11
BRH:10
end_of_record
TN:
SF:C:\workspace\projects\delightreading\delightreading-backend\src\service\UserService.ts
FN:2,(anonymous_0)
FN:3,(anonymous_1)
FN:4,fulfilled
FN:5,rejected
FN:6,step
FN:6,(anonymous_5)
FN:15,(anonymous_6)
FN:25,(anonymous_7)
FN:28,(anonymous_8)
FN:29,(anonymous_9)
FN:40,(anonymous_10)
FN:41,(anonymous_11)
FNF:12
FNH:11
FNDA:2,(anonymous_0)
FNDA:2,(anonymous_1)
FNDA:2,fulfilled
FNDA:0,rejected
FNDA:4,step
FNDA:2,(anonymous_5)
FNDA:1,(anonymous_6)
FNDA:1,(anonymous_7)
FNDA:1,(anonymous_8)
FNDA:1,(anonymous_9)
FNDA:1,(anonymous_10)
FNDA:1,(anonymous_11)
DA:2,2
DA:3,2
DA:4,2
DA:5,0
DA:6,4
DA:7,2
DA:10,2
DA:11,2
DA:12,2
DA:13,2
DA:16,1
DA:23,1
DA:26,1
DA:29,1
DA:31,1
DA:32,1
DA:33,1
DA:35,1
DA:37,1
DA:41,1
DA:43,1
DA:45,1
DA:46,1
DA:50,2
LF:24
LH:23
BRDA:2,0,0,2
BRDA:2,0,1,2
BRDA:2,0,2,2
BRDA:3,1,0,2
BRDA:3,1,1,2
BRDA:6,2,0,2
BRDA:6,2,1,2
BRDA:7,3,0,2
BRDA:7,3,1,2
BRDA:32,4,0,1
BRDA:32,4,1,0
BRF:11
BRH:10
end_of_record
TN:
SF:C:\workspace\projects\delightreading\delightreading-backend\test\ormconnect.ts
FN:2,(anonymous_0)
FN:3,(anonymous_1)
FN:4,fulfilled
FN:5,rejected
FN:6,step
FN:6,(anonymous_5)
FN:12,createTestConnection
FN:13,(anonymous_7)
FNF:8
FNH:7
FNDA:4,(anonymous_0)
FNDA:4,(anonymous_1)
FNDA:4,fulfilled
FNDA:0,rejected
FNDA:8,step
FNDA:4,(anonymous_5)
FNDA:4,createTestConnection
FNDA:4,(anonymous_7)
DA:2,2
DA:3,4
DA:4,4
DA:5,0
DA:6,8
DA:7,4
DA:10,2
DA:11,2
DA:13,4
DA:14,4
DA:28,2
LF:11
LH:10
BRDA:2,0,0,2
BRDA:2,0,1,2
BRDA:2,0,2,2
BRDA:3,1,0,4
BRDA:3,1,1,4
BRDA:6,2,0,4
BRDA:6,2,1,4
BRDA:7,3,0,4
BRDA:7,3,1,4
BRF:9
BRH:9
end_of_record
